{"/Users/eggp/marveen/packages/install/src/cli.ts": {"path":"/Users/eggp/marveen/packages/install/src/cli.ts","all":false,"statementMap":{"0":{"start":{"line":1,"column":0},"end":{"line":1,"column":37}},"7":{"start":{"line":8,"column":0},"end":{"line":8,"column":35}},"8":{"start":{"line":9,"column":0},"end":{"line":9,"column":46}},"9":{"start":{"line":10,"column":0},"end":{"line":10,"column":48}},"10":{"start":{"line":11,"column":0},"end":{"line":11,"column":54}},"11":{"start":{"line":12,"column":0},"end":{"line":12,"column":58}},"12":{"start":{"line":13,"column":0},"end":{"line":13,"column":52}},"13":{"start":{"line":14,"column":0},"end":{"line":14,"column":52}},"14":{"start":{"line":15,"column":0},"end":{"line":15,"column":56}},"15":{"start":{"line":16,"column":0},"end":{"line":16,"column":52}},"16":{"start":{"line":17,"column":0},"end":{"line":17,"column":39}},"17":{"start":{"line":18,"column":0},"end":{"line":18,"column":37}},"19":{"start":{"line":20,"column":0},"end":{"line":20,"column":46}},"20":{"start":{"line":21,"column":0},"end":{"line":21,"column":30}},"21":{"start":{"line":22,"column":0},"end":{"line":22,"column":20}},"22":{"start":{"line":23,"column":0},"end":{"line":23,"column":53}},"23":{"start":{"line":24,"column":0},"end":{"line":24,"column":42}},"24":{"start":{"line":25,"column":0},"end":{"line":25,"column":46}},"25":{"start":{"line":26,"column":0},"end":{"line":26,"column":37}},"26":{"start":{"line":27,"column":0},"end":{"line":27,"column":68}},"27":{"start":{"line":28,"column":0},"end":{"line":28,"column":71}},"28":{"start":{"line":29,"column":0},"end":{"line":29,"column":42}},"31":{"start":{"line":32,"column":0},"end":{"line":32,"column":95}},"32":{"start":{"line":33,"column":0},"end":{"line":33,"column":4}},"34":{"start":{"line":35,"column":0},"end":{"line":35,"column":34}},"35":{"start":{"line":36,"column":0},"end":{"line":36,"column":36}},"36":{"start":{"line":37,"column":0},"end":{"line":37,"column":33}},"37":{"start":{"line":38,"column":0},"end":{"line":38,"column":33}},"38":{"start":{"line":39,"column":0},"end":{"line":39,"column":35}},"39":{"start":{"line":40,"column":0},"end":{"line":40,"column":33}},"41":{"start":{"line":42,"column":0},"end":{"line":42,"column":38}}},"s":{"0":1,"7":1,"8":1,"9":1,"10":1,"11":1,"12":1,"13":1,"14":1,"15":1,"16":1,"17":1,"19":1,"20":1,"21":1,"22":1,"23":1,"24":1,"25":1,"26":12,"27":12,"28":12,"31":12,"32":12,"34":1,"35":1,"36":1,"37":1,"38":1,"39":1,"41":1},"branchMap":{"0":{"type":"branch","line":26,"loc":{"start":{"line":26,"column":21},"end":{"line":33,"column":4}},"locations":[{"start":{"line":26,"column":21},"end":{"line":33,"column":4}}]},"1":{"type":"branch","line":28,"loc":{"start":{"line":28,"column":22},"end":{"line":28,"column":50}},"locations":[{"start":{"line":28,"column":22},"end":{"line":28,"column":50}}]},"2":{"type":"branch","line":28,"loc":{"start":{"line":28,"column":50},"end":{"line":28,"column":71}},"locations":[{"start":{"line":28,"column":50},"end":{"line":28,"column":71}}]}},"b":{"0":[12],"1":[11],"2":[11]},"fnMap":{},"f":{}}
,"/Users/eggp/marveen/packages/install/src/api/dashboard.ts": {"path":"/Users/eggp/marveen/packages/install/src/api/dashboard.ts","all":false,"statementMap":{"0":{"start":{"line":1,"column":0},"end":{"line":1,"column":25}},"22":{"start":{"line":23,"column":0},"end":{"line":23,"column":42}},"23":{"start":{"line":24,"column":0},"end":{"line":24,"column":47}},"24":{"start":{"line":25,"column":0},"end":{"line":25,"column":1}},"26":{"start":{"line":27,"column":0},"end":{"line":27,"column":87}},"27":{"start":{"line":28,"column":0},"end":{"line":28,"column":33}},"28":{"start":{"line":29,"column":0},"end":{"line":29,"column":58}},"29":{"start":{"line":30,"column":0},"end":{"line":30,"column":47}},"30":{"start":{"line":31,"column":0},"end":{"line":31,"column":60}},"31":{"start":{"line":32,"column":0},"end":{"line":32,"column":33}},"32":{"start":{"line":33,"column":0},"end":{"line":33,"column":9}},"33":{"start":{"line":34,"column":0},"end":{"line":34,"column":86}},"34":{"start":{"line":35,"column":0},"end":{"line":35,"column":29}},"35":{"start":{"line":36,"column":0},"end":{"line":36,"column":13}},"37":{"start":{"line":38,"column":0},"end":{"line":38,"column":5}},"38":{"start":{"line":39,"column":0},"end":{"line":39,"column":25}},"39":{"start":{"line":40,"column":0},"end":{"line":40,"column":3}},"40":{"start":{"line":41,"column":0},"end":{"line":41,"column":14}},"41":{"start":{"line":42,"column":0},"end":{"line":42,"column":1}},"43":{"start":{"line":44,"column":0},"end":{"line":44,"column":43}},"44":{"start":{"line":45,"column":0},"end":{"line":45,"column":58}},"45":{"start":{"line":46,"column":0},"end":{"line":46,"column":1}},"47":{"start":{"line":48,"column":0},"end":{"line":48,"column":32}},"48":{"start":{"line":49,"column":0},"end":{"line":49,"column":29}},"49":{"start":{"line":50,"column":0},"end":{"line":50,"column":62}},"50":{"start":{"line":51,"column":0},"end":{"line":51,"column":74}},"51":{"start":{"line":52,"column":0},"end":{"line":52,"column":48}},"52":{"start":{"line":53,"column":0},"end":{"line":53,"column":24}},"53":{"start":{"line":54,"column":0},"end":{"line":54,"column":65}},"54":{"start":{"line":55,"column":0},"end":{"line":55,"column":3}},"55":{"start":{"line":56,"column":0},"end":{"line":56,"column":33}},"56":{"start":{"line":57,"column":0},"end":{"line":57,"column":68}},"57":{"start":{"line":58,"column":0},"end":{"line":58,"column":19}},"58":{"start":{"line":59,"column":0},"end":{"line":59,"column":14}},"59":{"start":{"line":60,"column":0},"end":{"line":60,"column":41}},"60":{"start":{"line":61,"column":0},"end":{"line":61,"column":44}},"61":{"start":{"line":62,"column":0},"end":{"line":62,"column":6}},"62":{"start":{"line":63,"column":0},"end":{"line":63,"column":38}},"63":{"start":{"line":64,"column":0},"end":{"line":64,"column":4}},"64":{"start":{"line":65,"column":0},"end":{"line":65,"column":33}},"65":{"start":{"line":66,"column":0},"end":{"line":66,"column":71}},"66":{"start":{"line":67,"column":0},"end":{"line":67,"column":1}},"68":{"start":{"line":69,"column":0},"end":{"line":69,"column":35}},"69":{"start":{"line":70,"column":0},"end":{"line":70,"column":32}},"70":{"start":{"line":71,"column":0},"end":{"line":71,"column":62}},"71":{"start":{"line":72,"column":0},"end":{"line":72,"column":74}},"72":{"start":{"line":73,"column":0},"end":{"line":73,"column":95}},"73":{"start":{"line":74,"column":0},"end":{"line":74,"column":24}},"74":{"start":{"line":75,"column":0},"end":{"line":75,"column":65}},"75":{"start":{"line":76,"column":0},"end":{"line":76,"column":3}},"76":{"start":{"line":77,"column":0},"end":{"line":77,"column":33}},"77":{"start":{"line":78,"column":0},"end":{"line":78,"column":71}},"78":{"start":{"line":79,"column":0},"end":{"line":79,"column":19}},"79":{"start":{"line":80,"column":0},"end":{"line":80,"column":14}},"80":{"start":{"line":81,"column":0},"end":{"line":81,"column":41}},"81":{"start":{"line":82,"column":0},"end":{"line":82,"column":44}},"82":{"start":{"line":83,"column":0},"end":{"line":83,"column":6}},"83":{"start":{"line":84,"column":0},"end":{"line":84,"column":38}},"84":{"start":{"line":85,"column":0},"end":{"line":85,"column":4}},"85":{"start":{"line":86,"column":0},"end":{"line":86,"column":33}},"86":{"start":{"line":87,"column":0},"end":{"line":87,"column":71}},"87":{"start":{"line":88,"column":0},"end":{"line":88,"column":1}},"89":{"start":{"line":90,"column":0},"end":{"line":90,"column":57}},"90":{"start":{"line":91,"column":0},"end":{"line":91,"column":7}},"91":{"start":{"line":92,"column":0},"end":{"line":92,"column":33}},"92":{"start":{"line":93,"column":0},"end":{"line":93,"column":56}},"93":{"start":{"line":94,"column":0},"end":{"line":94,"column":11}},"94":{"start":{"line":95,"column":0},"end":{"line":95,"column":13}},"95":{"start":{"line":96,"column":0},"end":{"line":96,"column":3}},"96":{"start":{"line":97,"column":0},"end":{"line":97,"column":1}},"98":{"start":{"line":99,"column":0},"end":{"line":99,"column":69}},"99":{"start":{"line":100,"column":0},"end":{"line":100,"column":30}},"100":{"start":{"line":101,"column":0},"end":{"line":101,"column":1}}},"s":{"0":1,"22":52,"23":52,"24":52,"26":23,"27":23,"28":23,"29":23,"30":23,"31":23,"32":69,"33":69,"34":69,"35":69,"37":1,"38":49,"39":49,"40":3,"41":3,"43":49,"44":49,"45":49,"47":18,"48":18,"49":18,"50":18,"51":18,"52":18,"53":2,"54":2,"55":16,"56":16,"57":16,"58":16,"59":16,"60":16,"61":16,"62":16,"63":16,"64":18,"65":6,"66":6,"68":14,"69":14,"70":14,"71":14,"72":14,"73":14,"74":1,"75":1,"76":13,"77":13,"78":13,"79":13,"80":13,"81":13,"82":13,"83":13,"84":13,"85":14,"86":4,"87":4,"89":10,"90":10,"91":10,"92":10,"93":10,"94":1,"95":1,"96":10,"98":1,"99":10,"100":10},"branchMap":{"0":{"type":"branch","line":23,"loc":{"start":{"line":23,"column":0},"end":{"line":25,"column":1}},"locations":[{"start":{"line":23,"column":0},"end":{"line":25,"column":1}}]},"1":{"type":"branch","line":24,"loc":{"start":{"line":24,"column":9},"end":{"line":24,"column":47}},"locations":[{"start":{"line":24,"column":9},"end":{"line":24,"column":47}}]},"2":{"type":"branch","line":27,"loc":{"start":{"line":27,"column":0},"end":{"line":42,"column":1}},"locations":[{"start":{"line":27,"column":0},"end":{"line":42,"column":1}}]},"3":{"type":"branch","line":29,"loc":{"start":{"line":29,"column":38},"end":{"line":29,"column":58}},"locations":[{"start":{"line":29,"column":38},"end":{"line":29,"column":58}}]},"4":{"type":"branch","line":30,"loc":{"start":{"line":30,"column":24},"end":{"line":30,"column":47}},"locations":[{"start":{"line":30,"column":24},"end":{"line":30,"column":47}}]},"5":{"type":"branch","line":32,"loc":{"start":{"line":32,"column":32},"end":{"line":40,"column":3}},"locations":[{"start":{"line":32,"column":32},"end":{"line":40,"column":3}}]},"6":{"type":"branch","line":34,"loc":{"start":{"line":34,"column":85},"end":{"line":35,"column":25}},"locations":[{"start":{"line":34,"column":85},"end":{"line":35,"column":25}}]},"7":{"type":"branch","line":35,"loc":{"start":{"line":35,"column":18},"end":{"line":35,"column":29}},"locations":[{"start":{"line":35,"column":18},"end":{"line":35,"column":29}}]},"8":{"type":"branch","line":36,"loc":{"start":{"line":36,"column":4},"end":{"line":38,"column":5}},"locations":[{"start":{"line":36,"column":4},"end":{"line":38,"column":5}}]},"9":{"type":"branch","line":38,"loc":{"start":{"line":38,"column":4},"end":{"line":40,"column":3}},"locations":[{"start":{"line":38,"column":4},"end":{"line":40,"column":3}}]},"10":{"type":"branch","line":40,"loc":{"start":{"line":40,"column":2},"end":{"line":42,"column":1}},"locations":[{"start":{"line":40,"column":2},"end":{"line":42,"column":1}}]},"11":{"type":"branch","line":44,"loc":{"start":{"line":44,"column":0},"end":{"line":46,"column":1}},"locations":[{"start":{"line":44,"column":0},"end":{"line":46,"column":1}}]},"12":{"type":"branch","line":45,"loc":{"start":{"line":45,"column":21},"end":{"line":45,"column":57}},"locations":[{"start":{"line":45,"column":21},"end":{"line":45,"column":57}}]},"13":{"type":"branch","line":48,"loc":{"start":{"line":48,"column":0},"end":{"line":67,"column":1}},"locations":[{"start":{"line":48,"column":0},"end":{"line":67,"column":1}}]},"14":{"type":"branch","line":53,"loc":{"start":{"line":53,"column":23},"end":{"line":55,"column":3}},"locations":[{"start":{"line":53,"column":23},"end":{"line":55,"column":3}}]},"15":{"type":"branch","line":55,"loc":{"start":{"line":55,"column":2},"end":{"line":65,"column":21}},"locations":[{"start":{"line":55,"column":2},"end":{"line":65,"column":21}}]},"16":{"type":"branch","line":65,"loc":{"start":{"line":65,"column":14},"end":{"line":67,"column":1}},"locations":[{"start":{"line":65,"column":14},"end":{"line":67,"column":1}}]},"17":{"type":"branch","line":65,"loc":{"start":{"line":65,"column":14},"end":{"line":65,"column":33}},"locations":[{"start":{"line":65,"column":14},"end":{"line":65,"column":33}}]},"18":{"type":"branch","line":65,"loc":{"start":{"line":65,"column":32},"end":{"line":67,"column":1}},"locations":[{"start":{"line":65,"column":32},"end":{"line":67,"column":1}}]},"19":{"type":"branch","line":69,"loc":{"start":{"line":69,"column":0},"end":{"line":88,"column":1}},"locations":[{"start":{"line":69,"column":0},"end":{"line":88,"column":1}}]},"20":{"type":"branch","line":73,"loc":{"start":{"line":73,"column":72},"end":{"line":73,"column":93}},"locations":[{"start":{"line":73,"column":72},"end":{"line":73,"column":93}}]},"21":{"type":"branch","line":74,"loc":{"start":{"line":74,"column":23},"end":{"line":76,"column":3}},"locations":[{"start":{"line":74,"column":23},"end":{"line":76,"column":3}}]},"22":{"type":"branch","line":76,"loc":{"start":{"line":76,"column":2},"end":{"line":86,"column":21}},"locations":[{"start":{"line":76,"column":2},"end":{"line":86,"column":21}}]},"23":{"type":"branch","line":86,"loc":{"start":{"line":86,"column":14},"end":{"line":86,"column":33}},"locations":[{"start":{"line":86,"column":14},"end":{"line":86,"column":33}}]},"24":{"type":"branch","line":86,"loc":{"start":{"line":86,"column":32},"end":{"line":88,"column":1}},"locations":[{"start":{"line":86,"column":32},"end":{"line":88,"column":1}}]},"25":{"type":"branch","line":90,"loc":{"start":{"line":90,"column":0},"end":{"line":97,"column":1}},"locations":[{"start":{"line":90,"column":0},"end":{"line":97,"column":1}}]},"26":{"type":"branch","line":92,"loc":{"start":{"line":92,"column":32},"end":{"line":93,"column":31}},"locations":[{"start":{"line":92,"column":32},"end":{"line":93,"column":31}}]},"27":{"type":"branch","line":93,"loc":{"start":{"line":93,"column":25},"end":{"line":93,"column":52}},"locations":[{"start":{"line":93,"column":25},"end":{"line":93,"column":52}}]},"28":{"type":"branch","line":93,"loc":{"start":{"line":93,"column":48},"end":{"line":93,"column":56}},"locations":[{"start":{"line":93,"column":48},"end":{"line":93,"column":56}}]},"29":{"type":"branch","line":94,"loc":{"start":{"line":94,"column":2},"end":{"line":96,"column":3}},"locations":[{"start":{"line":94,"column":2},"end":{"line":96,"column":3}}]},"30":{"type":"branch","line":99,"loc":{"start":{"line":99,"column":7},"end":{"line":101,"column":1}},"locations":[{"start":{"line":99,"column":7},"end":{"line":101,"column":1}}]}},"b":{"0":[52],"1":[3],"2":[23],"3":[3],"4":[20],"5":[69],"6":[68],"7":[20],"8":[1],"9":[49],"10":[3],"11":[49],"12":[49],"13":[18],"14":[2],"15":[16],"16":[14],"17":[10],"18":[6],"19":[14],"20":[4],"21":[1],"22":[13],"23":[9],"24":[4],"25":[10],"26":[9],"27":[1],"28":[8],"29":[1],"30":[10]},"fnMap":{"0":{"name":"pickFetch","decl":{"start":{"line":23,"column":0},"end":{"line":25,"column":1}},"loc":{"start":{"line":23,"column":0},"end":{"line":25,"column":1}},"line":23},"1":{"name":"waitForDashboardReady","decl":{"start":{"line":27,"column":0},"end":{"line":42,"column":1}},"loc":{"start":{"line":27,"column":0},"end":{"line":42,"column":1}},"line":27},"2":{"name":"sleep","decl":{"start":{"line":44,"column":0},"end":{"line":46,"column":1}},"loc":{"start":{"line":44,"column":0},"end":{"line":46,"column":1}},"line":44},"3":{"name":"postVault","decl":{"start":{"line":48,"column":0},"end":{"line":67,"column":1}},"loc":{"start":{"line":48,"column":0},"end":{"line":67,"column":1}},"line":48},"4":{"name":"postSettings","decl":{"start":{"line":69,"column":0},"end":{"line":88,"column":1}},"loc":{"start":{"line":69,"column":0},"end":{"line":88,"column":1}},"line":69},"5":{"name":"safeText","decl":{"start":{"line":90,"column":0},"end":{"line":97,"column":1}},"loc":{"start":{"line":90,"column":0},"end":{"line":97,"column":1}},"line":90},"6":{"name":"isUnauthorized","decl":{"start":{"line":99,"column":7},"end":{"line":101,"column":1}},"loc":{"start":{"line":99,"column":7},"end":{"line":101,"column":1}},"line":99}},"f":{"0":52,"1":23,"2":49,"3":18,"4":14,"5":10,"6":10}}
,"/Users/eggp/marveen/packages/install/src/api/schema.ts": {"path":"/Users/eggp/marveen/packages/install/src/api/schema.ts","all":false,"statementMap":{"0":{"start":{"line":1,"column":0},"end":{"line":1,"column":51}},"9":{"start":{"line":10,"column":0},"end":{"line":10,"column":71}},"11":{"start":{"line":12,"column":0},"end":{"line":12,"column":75}},"13":{"start":{"line":14,"column":0},"end":{"line":14,"column":38}},"14":{"start":{"line":15,"column":0},"end":{"line":15,"column":14}},"15":{"start":{"line":16,"column":0},"end":{"line":16,"column":36}},"16":{"start":{"line":17,"column":0},"end":{"line":17,"column":37}},"17":{"start":{"line":18,"column":0},"end":{"line":18,"column":2}},"19":{"start":{"line":20,"column":0},"end":{"line":20,"column":41}},"20":{"start":{"line":21,"column":0},"end":{"line":21,"column":19}},"21":{"start":{"line":22,"column":0},"end":{"line":22,"column":37}},"22":{"start":{"line":23,"column":0},"end":{"line":23,"column":43}},"23":{"start":{"line":24,"column":0},"end":{"line":24,"column":2}}},"s":{"0":1,"9":1,"11":1,"13":1,"14":1,"15":1,"16":1,"17":1,"19":1,"20":1,"21":1,"22":1,"23":1},"branchMap":{},"b":{},"fnMap":{},"f":{}}
,"/Users/eggp/marveen/packages/install/src/commands/doctor.ts": {"path":"/Users/eggp/marveen/packages/install/src/commands/doctor.ts","all":false,"statementMap":{"0":{"start":{"line":1,"column":0},"end":{"line":1,"column":21}},"22":{"start":{"line":23,"column":0},"end":{"line":23,"column":50}},"23":{"start":{"line":24,"column":0},"end":{"line":24,"column":52}},"24":{"start":{"line":25,"column":0},"end":{"line":25,"column":89}},"25":{"start":{"line":26,"column":0},"end":{"line":26,"column":39}},"26":{"start":{"line":27,"column":0},"end":{"line":27,"column":31}},"27":{"start":{"line":28,"column":0},"end":{"line":28,"column":50}},"28":{"start":{"line":29,"column":0},"end":{"line":29,"column":31}},"30":{"start":{"line":31,"column":0},"end":{"line":31,"column":76}},"32":{"start":{"line":33,"column":0},"end":{"line":33,"column":102}},"34":{"start":{"line":35,"column":0},"end":{"line":35,"column":114}},"35":{"start":{"line":36,"column":0},"end":{"line":36,"column":122}},"37":{"start":{"line":38,"column":0},"end":{"line":38,"column":88}},"38":{"start":{"line":39,"column":0},"end":{"line":39,"column":94}},"40":{"start":{"line":41,"column":0},"end":{"line":41,"column":153}},"41":{"start":{"line":42,"column":0},"end":{"line":42,"column":108}},"43":{"start":{"line":44,"column":0},"end":{"line":44,"column":128}},"45":{"start":{"line":46,"column":0},"end":{"line":46,"column":51}},"46":{"start":{"line":47,"column":0},"end":{"line":47,"column":69}},"47":{"start":{"line":48,"column":0},"end":{"line":48,"column":123}},"48":{"start":{"line":49,"column":0},"end":{"line":49,"column":83}},"50":{"start":{"line":51,"column":0},"end":{"line":51,"column":69}},"51":{"start":{"line":52,"column":0},"end":{"line":52,"column":91}},"52":{"start":{"line":53,"column":0},"end":{"line":53,"column":4}}},"s":{"0":1,"22":1,"23":1,"24":1,"25":1,"26":8,"27":8,"28":8,"30":8,"32":8,"34":8,"35":8,"37":8,"38":8,"40":8,"41":8,"43":8,"45":8,"46":8,"47":8,"48":8,"50":8,"51":8,"52":8},"branchMap":{"0":{"type":"branch","line":25,"loc":{"start":{"line":25,"column":66},"end":{"line":25,"column":84}},"locations":[{"start":{"line":25,"column":66},"end":{"line":25,"column":84}}]},"1":{"type":"branch","line":26,"loc":{"start":{"line":26,"column":10},"end":{"line":53,"column":4}},"locations":[{"start":{"line":26,"column":10},"end":{"line":53,"column":4}}]},"2":{"type":"branch","line":36,"loc":{"start":{"line":36,"column":105},"end":{"line":36,"column":120}},"locations":[{"start":{"line":36,"column":105},"end":{"line":36,"column":120}}]},"3":{"type":"branch","line":47,"loc":{"start":{"line":47,"column":48},"end":{"line":47,"column":67}},"locations":[{"start":{"line":47,"column":48},"end":{"line":47,"column":67}}]},"4":{"type":"branch","line":47,"loc":{"start":{"line":47,"column":57},"end":{"line":47,"column":69}},"locations":[{"start":{"line":47,"column":57},"end":{"line":47,"column":69}}]},"5":{"type":"branch","line":48,"loc":{"start":{"line":48,"column":27},"end":{"line":48,"column":118}},"locations":[{"start":{"line":48,"column":27},"end":{"line":48,"column":118}}]},"6":{"type":"branch","line":48,"loc":{"start":{"line":48,"column":114},"end":{"line":48,"column":123}},"locations":[{"start":{"line":48,"column":114},"end":{"line":48,"column":123}}]},"7":{"type":"branch","line":35,"loc":{"start":{"line":35,"column":66},"end":{"line":35,"column":113}},"locations":[{"start":{"line":35,"column":66},"end":{"line":35,"column":113}}]},"8":{"type":"branch","line":41,"loc":{"start":{"line":41,"column":84},"end":{"line":41,"column":152}},"locations":[{"start":{"line":41,"column":84},"end":{"line":41,"column":152}}]},"9":{"type":"branch","line":48,"loc":{"start":{"line":48,"column":103},"end":{"line":48,"column":114}},"locations":[{"start":{"line":48,"column":103},"end":{"line":48,"column":114}}]},"10":{"type":"branch","line":51,"loc":{"start":{"line":51,"column":28},"end":{"line":51,"column":68}},"locations":[{"start":{"line":51,"column":28},"end":{"line":51,"column":68}}]}},"b":{"0":[1],"1":[8],"2":[6],"3":[3],"4":[5],"5":[3],"6":[5],"7":[1],"8":[1],"9":[1],"10":[56]},"fnMap":{},"f":{}}
,"/Users/eggp/marveen/packages/install/src/commands/install.ts": {"path":"/Users/eggp/marveen/packages/install/src/commands/install.ts","all":false,"statementMap":{"0":{"start":{"line":1,"column":0},"end":{"line":1,"column":22}},"42":{"start":{"line":43,"column":0},"end":{"line":43,"column":101}},"44":{"start":{"line":45,"column":0},"end":{"line":45,"column":52}},"45":{"start":{"line":46,"column":0},"end":{"line":46,"column":66}},"46":{"start":{"line":47,"column":0},"end":{"line":47,"column":57}},"47":{"start":{"line":48,"column":0},"end":{"line":48,"column":23}},"48":{"start":{"line":49,"column":0},"end":{"line":49,"column":103}},"49":{"start":{"line":50,"column":0},"end":{"line":50,"column":12}},"50":{"start":{"line":51,"column":0},"end":{"line":51,"column":10}},"51":{"start":{"line":52,"column":0},"end":{"line":52,"column":61}},"52":{"start":{"line":53,"column":0},"end":{"line":53,"column":23}},"53":{"start":{"line":54,"column":0},"end":{"line":54,"column":103}},"54":{"start":{"line":55,"column":0},"end":{"line":55,"column":12}},"55":{"start":{"line":56,"column":0},"end":{"line":56,"column":10}},"56":{"start":{"line":57,"column":0},"end":{"line":57,"column":57}},"57":{"start":{"line":58,"column":0},"end":{"line":58,"column":109}},"58":{"start":{"line":59,"column":0},"end":{"line":59,"column":66}},"59":{"start":{"line":60,"column":0},"end":{"line":60,"column":45}},"60":{"start":{"line":61,"column":0},"end":{"line":61,"column":67}},"61":{"start":{"line":62,"column":0},"end":{"line":62,"column":57}},"63":{"start":{"line":64,"column":0},"end":{"line":64,"column":47}},"64":{"start":{"line":65,"column":0},"end":{"line":65,"column":61}},"65":{"start":{"line":66,"column":0},"end":{"line":66,"column":117}},"66":{"start":{"line":67,"column":0},"end":{"line":67,"column":126}},"67":{"start":{"line":68,"column":0},"end":{"line":68,"column":91}},"68":{"start":{"line":69,"column":0},"end":{"line":69,"column":69}},"69":{"start":{"line":70,"column":0},"end":{"line":70,"column":71}},"70":{"start":{"line":71,"column":0},"end":{"line":71,"column":59}},"71":{"start":{"line":72,"column":0},"end":{"line":72,"column":116}},"72":{"start":{"line":73,"column":0},"end":{"line":73,"column":122}},"73":{"start":{"line":74,"column":0},"end":{"line":74,"column":63}},"74":{"start":{"line":75,"column":0},"end":{"line":75,"column":63}},"75":{"start":{"line":76,"column":0},"end":{"line":76,"column":94}},"76":{"start":{"line":77,"column":0},"end":{"line":77,"column":42}},"77":{"start":{"line":78,"column":0},"end":{"line":78,"column":40}},"78":{"start":{"line":79,"column":0},"end":{"line":79,"column":16}},"79":{"start":{"line":80,"column":0},"end":{"line":80,"column":40}},"80":{"start":{"line":81,"column":0},"end":{"line":81,"column":9}},"81":{"start":{"line":82,"column":0},"end":{"line":82,"column":51}},"82":{"start":{"line":83,"column":0},"end":{"line":83,"column":42}},"83":{"start":{"line":84,"column":0},"end":{"line":84,"column":44}},"84":{"start":{"line":85,"column":0},"end":{"line":85,"column":16}},"85":{"start":{"line":86,"column":0},"end":{"line":86,"column":44}},"86":{"start":{"line":87,"column":0},"end":{"line":87,"column":9}},"87":{"start":{"line":88,"column":0},"end":{"line":88,"column":10}},"88":{"start":{"line":89,"column":0},"end":{"line":89,"column":67}},"89":{"start":{"line":90,"column":0},"end":{"line":90,"column":63}},"90":{"start":{"line":91,"column":0},"end":{"line":91,"column":48}},"92":{"start":{"line":93,"column":0},"end":{"line":93,"column":9}},"93":{"start":{"line":94,"column":0},"end":{"line":94,"column":26}},"94":{"start":{"line":95,"column":0},"end":{"line":95,"column":28}},"95":{"start":{"line":96,"column":0},"end":{"line":96,"column":73}},"96":{"start":{"line":97,"column":0},"end":{"line":97,"column":21}},"97":{"start":{"line":98,"column":0},"end":{"line":98,"column":5}},"99":{"start":{"line":100,"column":0},"end":{"line":100,"column":31}},"100":{"start":{"line":101,"column":0},"end":{"line":101,"column":29}},"101":{"start":{"line":102,"column":0},"end":{"line":102,"column":56}},"102":{"start":{"line":103,"column":0},"end":{"line":103,"column":5}},"103":{"start":{"line":104,"column":0},"end":{"line":104,"column":86}},"104":{"start":{"line":105,"column":0},"end":{"line":105,"column":4}},"106":{"start":{"line":107,"column":0},"end":{"line":107,"column":94}},"107":{"start":{"line":108,"column":0},"end":{"line":108,"column":29}},"108":{"start":{"line":109,"column":0},"end":{"line":109,"column":23}},"109":{"start":{"line":110,"column":0},"end":{"line":110,"column":90}},"110":{"start":{"line":111,"column":0},"end":{"line":111,"column":64}},"111":{"start":{"line":112,"column":0},"end":{"line":112,"column":15}},"112":{"start":{"line":113,"column":0},"end":{"line":113,"column":75}},"113":{"start":{"line":114,"column":0},"end":{"line":114,"column":63}},"114":{"start":{"line":115,"column":0},"end":{"line":115,"column":3}},"115":{"start":{"line":116,"column":0},"end":{"line":116,"column":48}},"116":{"start":{"line":117,"column":0},"end":{"line":117,"column":10}},"117":{"start":{"line":118,"column":0},"end":{"line":118,"column":20}},"118":{"start":{"line":119,"column":0},"end":{"line":119,"column":26}},"119":{"start":{"line":120,"column":0},"end":{"line":120,"column":9}},"120":{"start":{"line":121,"column":0},"end":{"line":121,"column":49}},"121":{"start":{"line":122,"column":0},"end":{"line":122,"column":41}},"122":{"start":{"line":123,"column":0},"end":{"line":123,"column":40}},"123":{"start":{"line":124,"column":0},"end":{"line":124,"column":52}},"124":{"start":{"line":125,"column":0},"end":{"line":125,"column":58}},"125":{"start":{"line":126,"column":0},"end":{"line":126,"column":16}},"126":{"start":{"line":127,"column":0},"end":{"line":127,"column":18}},"127":{"start":{"line":128,"column":0},"end":{"line":128,"column":18}},"128":{"start":{"line":129,"column":0},"end":{"line":129,"column":23}},"129":{"start":{"line":130,"column":0},"end":{"line":130,"column":18}},"130":{"start":{"line":131,"column":0},"end":{"line":131,"column":22}},"131":{"start":{"line":132,"column":0},"end":{"line":132,"column":25}},"132":{"start":{"line":133,"column":0},"end":{"line":133,"column":13}},"133":{"start":{"line":134,"column":0},"end":{"line":134,"column":10}},"134":{"start":{"line":135,"column":0},"end":{"line":135,"column":7}},"135":{"start":{"line":136,"column":0},"end":{"line":136,"column":159}},"136":{"start":{"line":137,"column":0},"end":{"line":137,"column":23}},"137":{"start":{"line":138,"column":0},"end":{"line":138,"column":3}},"138":{"start":{"line":139,"column":0},"end":{"line":139,"column":1}}},"s":{"0":1,"42":1,"44":1,"45":1,"46":1,"47":3,"48":3,"49":1,"50":1,"51":1,"52":2,"53":2,"54":1,"55":1,"56":1,"57":1,"58":1,"59":1,"60":19,"61":19,"63":18,"64":18,"65":18,"66":18,"67":18,"68":18,"69":18,"70":18,"71":18,"72":18,"73":18,"74":18,"75":2,"76":2,"77":1,"78":1,"79":1,"80":1,"81":2,"82":2,"83":1,"84":1,"85":1,"86":1,"87":18,"88":18,"89":18,"90":18,"92":18,"93":18,"94":19,"95":1,"96":1,"97":1,"99":17,"100":19,"101":1,"102":1,"103":19,"104":19,"106":19,"107":19,"108":19,"109":19,"110":1,"111":18,"112":19,"113":1,"114":1,"115":18,"116":18,"117":18,"118":18,"119":18,"120":19,"121":19,"122":19,"123":19,"124":18,"125":18,"126":18,"127":18,"128":18,"129":18,"130":18,"131":18,"132":18,"133":18,"134":18,"135":19,"136":19,"137":19,"138":19},"branchMap":{"0":{"type":"branch","line":47,"loc":{"start":{"line":47,"column":49},"end":{"line":51,"column":5}},"locations":[{"start":{"line":47,"column":49},"end":{"line":51,"column":5}}]},"1":{"type":"branch","line":49,"loc":{"start":{"line":49,"column":27},"end":{"line":49,"column":41}},"locations":[{"start":{"line":49,"column":27},"end":{"line":49,"column":41}}]},"2":{"type":"branch","line":49,"loc":{"start":{"line":49,"column":36},"end":{"line":49,"column":52}},"locations":[{"start":{"line":49,"column":36},"end":{"line":49,"column":52}}]},"3":{"type":"branch","line":49,"loc":{"start":{"line":49,"column":52},"end":{"line":49,"column":103}},"locations":[{"start":{"line":49,"column":52},"end":{"line":49,"column":103}}]},"4":{"type":"branch","line":49,"loc":{"start":{"line":49,"column":102},"end":{"line":51,"column":5}},"locations":[{"start":{"line":49,"column":102},"end":{"line":51,"column":5}}]},"5":{"type":"branch","line":52,"loc":{"start":{"line":52,"column":53},"end":{"line":56,"column":5}},"locations":[{"start":{"line":52,"column":53},"end":{"line":56,"column":5}}]},"6":{"type":"branch","line":54,"loc":{"start":{"line":54,"column":36},"end":{"line":54,"column":52}},"locations":[{"start":{"line":54,"column":36},"end":{"line":54,"column":52}}]},"7":{"type":"branch","line":54,"loc":{"start":{"line":54,"column":52},"end":{"line":56,"column":5}},"locations":[{"start":{"line":54,"column":52},"end":{"line":56,"column":5}}]},"8":{"type":"branch","line":60,"loc":{"start":{"line":60,"column":10},"end":{"line":105,"column":4}},"locations":[{"start":{"line":60,"column":10},"end":{"line":105,"column":4}}]},"9":{"type":"branch","line":62,"loc":{"start":{"line":62,"column":56},"end":{"line":94,"column":26}},"locations":[{"start":{"line":62,"column":56},"end":{"line":94,"column":26}}]},"10":{"type":"branch","line":94,"loc":{"start":{"line":94,"column":25},"end":{"line":95,"column":13}},"locations":[{"start":{"line":94,"column":25},"end":{"line":95,"column":13}}]},"11":{"type":"branch","line":95,"loc":{"start":{"line":95,"column":4},"end":{"line":98,"column":5}},"locations":[{"start":{"line":95,"column":4},"end":{"line":98,"column":5}}]},"12":{"type":"branch","line":98,"loc":{"start":{"line":98,"column":4},"end":{"line":101,"column":28}},"locations":[{"start":{"line":98,"column":4},"end":{"line":101,"column":28}}]},"13":{"type":"branch","line":101,"loc":{"start":{"line":101,"column":28},"end":{"line":103,"column":5}},"locations":[{"start":{"line":101,"column":28},"end":{"line":103,"column":5}}]},"14":{"type":"branch","line":103,"loc":{"start":{"line":103,"column":4},"end":{"line":104,"column":76}},"locations":[{"start":{"line":103,"column":4},"end":{"line":104,"column":76}}]},"15":{"type":"branch","line":104,"loc":{"start":{"line":104,"column":71},"end":{"line":104,"column":85}},"locations":[{"start":{"line":104,"column":71},"end":{"line":104,"column":85}}]},"16":{"type":"branch","line":66,"loc":{"start":{"line":66,"column":67},"end":{"line":66,"column":115}},"locations":[{"start":{"line":66,"column":67},"end":{"line":66,"column":115}}]},"17":{"type":"branch","line":66,"loc":{"start":{"line":66,"column":76},"end":{"line":66,"column":109}},"locations":[{"start":{"line":66,"column":76},"end":{"line":66,"column":109}}]},"18":{"type":"branch","line":66,"loc":{"start":{"line":66,"column":91},"end":{"line":66,"column":115}},"locations":[{"start":{"line":66,"column":91},"end":{"line":66,"column":115}}]},"19":{"type":"branch","line":67,"loc":{"start":{"line":67,"column":73},"end":{"line":67,"column":124}},"locations":[{"start":{"line":67,"column":73},"end":{"line":67,"column":124}}]},"20":{"type":"branch","line":67,"loc":{"start":{"line":67,"column":82},"end":{"line":67,"column":118}},"locations":[{"start":{"line":67,"column":82},"end":{"line":67,"column":118}}]},"21":{"type":"branch","line":67,"loc":{"start":{"line":67,"column":100},"end":{"line":67,"column":124}},"locations":[{"start":{"line":67,"column":100},"end":{"line":67,"column":124}}]},"22":{"type":"branch","line":72,"loc":{"start":{"line":72,"column":50},"end":{"line":72,"column":114}},"locations":[{"start":{"line":72,"column":50},"end":{"line":72,"column":114}}]},"23":{"type":"branch","line":73,"loc":{"start":{"line":73,"column":77},"end":{"line":73,"column":120}},"locations":[{"start":{"line":73,"column":77},"end":{"line":73,"column":120}}]},"24":{"type":"branch","line":73,"loc":{"start":{"line":73,"column":86},"end":{"line":73,"column":111}},"locations":[{"start":{"line":73,"column":86},"end":{"line":73,"column":111}}]},"25":{"type":"branch","line":75,"loc":{"start":{"line":75,"column":49},"end":{"line":88,"column":8}},"locations":[{"start":{"line":75,"column":49},"end":{"line":88,"column":8}}]},"26":{"type":"branch","line":76,"loc":{"start":{"line":76,"column":45},"end":{"line":76,"column":76}},"locations":[{"start":{"line":76,"column":45},"end":{"line":76,"column":76}}]},"27":{"type":"branch","line":76,"loc":{"start":{"line":76,"column":72},"end":{"line":76,"column":94}},"locations":[{"start":{"line":76,"column":72},"end":{"line":76,"column":94}}]},"28":{"type":"branch","line":77,"loc":{"start":{"line":77,"column":41},"end":{"line":81,"column":9}},"locations":[{"start":{"line":77,"column":41},"end":{"line":81,"column":9}}]},"29":{"type":"branch","line":83,"loc":{"start":{"line":83,"column":41},"end":{"line":87,"column":9}},"locations":[{"start":{"line":83,"column":41},"end":{"line":87,"column":9}}]},"30":{"type":"branch","line":107,"loc":{"start":{"line":107,"column":0},"end":{"line":139,"column":1}},"locations":[{"start":{"line":107,"column":0},"end":{"line":139,"column":1}}]},"31":{"type":"branch","line":110,"loc":{"start":{"line":110,"column":43},"end":{"line":110,"column":90}},"locations":[{"start":{"line":110,"column":43},"end":{"line":110,"column":90}}]},"32":{"type":"branch","line":110,"loc":{"start":{"line":110,"column":89},"end":{"line":111,"column":64}},"locations":[{"start":{"line":110,"column":89},"end":{"line":111,"column":64}}]},"33":{"type":"branch","line":111,"loc":{"start":{"line":111,"column":12},"end":{"line":112,"column":15}},"locations":[{"start":{"line":111,"column":12},"end":{"line":112,"column":15}}]},"34":{"type":"branch","line":113,"loc":{"start":{"line":113,"column":24},"end":{"line":113,"column":74}},"locations":[{"start":{"line":113,"column":24},"end":{"line":113,"column":74}}]},"35":{"type":"branch","line":113,"loc":{"start":{"line":113,"column":74},"end":{"line":115,"column":3}},"locations":[{"start":{"line":113,"column":74},"end":{"line":115,"column":3}}]},"36":{"type":"branch","line":115,"loc":{"start":{"line":115,"column":2},"end":{"line":121,"column":43}},"locations":[{"start":{"line":115,"column":2},"end":{"line":121,"column":43}}]},"37":{"type":"branch","line":121,"loc":{"start":{"line":121,"column":25},"end":{"line":121,"column":49}},"locations":[{"start":{"line":121,"column":25},"end":{"line":121,"column":49}}]},"38":{"type":"branch","line":122,"loc":{"start":{"line":122,"column":21},"end":{"line":122,"column":41}},"locations":[{"start":{"line":122,"column":21},"end":{"line":122,"column":41}}]},"39":{"type":"branch","line":124,"loc":{"start":{"line":124,"column":50},"end":{"line":136,"column":52}},"locations":[{"start":{"line":124,"column":50},"end":{"line":136,"column":52}}]},"40":{"type":"branch","line":136,"loc":{"start":{"line":136,"column":39},"end":{"line":136,"column":89}},"locations":[{"start":{"line":136,"column":39},"end":{"line":136,"column":89}}]},"41":{"type":"branch","line":136,"loc":{"start":{"line":136,"column":84},"end":{"line":136,"column":159}},"locations":[{"start":{"line":136,"column":84},"end":{"line":136,"column":159}}]},"42":{"type":"branch","line":136,"loc":{"start":{"line":136,"column":89},"end":{"line":136,"column":159}},"locations":[{"start":{"line":136,"column":89},"end":{"line":136,"column":159}}]}},"b":{"0":[3],"1":[2],"2":[2],"3":[2],"4":[1],"5":[2],"6":[1],"7":[1],"8":[19],"9":[18],"10":[17],"11":[1],"12":[17],"13":[1],"14":[17],"15":[1],"16":[2],"17":[1],"18":[1],"19":[2],"20":[1],"21":[1],"22":[1],"23":[3],"24":[2],"25":[2],"26":[1],"27":[1],"28":[1],"29":[1],"30":[19],"31":[2],"32":[1],"33":[18],"34":[2],"35":[1],"36":[18],"37":[17],"38":[17],"39":[18],"40":[17],"41":[1],"42":[1]},"fnMap":{"0":{"name":"skip","decl":{"start":{"line":66,"column":67},"end":{"line":66,"column":115}},"loc":{"start":{"line":66,"column":67},"end":{"line":66,"column":115}},"line":66},"1":{"name":"skip","decl":{"start":{"line":67,"column":73},"end":{"line":67,"column":124}},"loc":{"start":{"line":67,"column":73},"end":{"line":67,"column":124}},"line":67},"2":{"name":"task","decl":{"start":{"line":72,"column":50},"end":{"line":72,"column":114}},"loc":{"start":{"line":72,"column":50},"end":{"line":72,"column":114}},"line":72},"3":{"name":"enable","decl":{"start":{"line":73,"column":77},"end":{"line":73,"column":120}},"loc":{"start":{"line":73,"column":77},"end":{"line":73,"column":120}},"line":73},"4":{"name":"task","decl":{"start":{"line":75,"column":49},"end":{"line":88,"column":8}},"loc":{"start":{"line":75,"column":49},"end":{"line":88,"column":8}},"line":75},"5":{"name":"buildContext","decl":{"start":{"line":107,"column":0},"end":{"line":139,"column":1}},"loc":{"start":{"line":107,"column":0},"end":{"line":139,"column":1}},"line":107},"6":{"name":"fetch","decl":{"start":{"line":136,"column":89},"end":{"line":136,"column":159}},"loc":{"start":{"line":136,"column":89},"end":{"line":136,"column":159}},"line":136}},"f":{"0":2,"1":2,"2":1,"3":3,"4":2,"5":19,"6":1}}
,"/Users/eggp/marveen/packages/install/src/commands/provider.ts": {"path":"/Users/eggp/marveen/packages/install/src/commands/provider.ts","all":false,"statementMap":{"0":{"start":{"line":1,"column":0},"end":{"line":1,"column":23}},"17":{"start":{"line":18,"column":0},"end":{"line":18,"column":54}},"18":{"start":{"line":19,"column":0},"end":{"line":19,"column":68}},"19":{"start":{"line":20,"column":0},"end":{"line":20,"column":109}},"20":{"start":{"line":21,"column":0},"end":{"line":21,"column":49}},"21":{"start":{"line":22,"column":0},"end":{"line":22,"column":72}},"22":{"start":{"line":23,"column":0},"end":{"line":23,"column":93}},"23":{"start":{"line":24,"column":0},"end":{"line":24,"column":31}},"24":{"start":{"line":25,"column":0},"end":{"line":25,"column":25}},"25":{"start":{"line":26,"column":0},"end":{"line":26,"column":50}},"26":{"start":{"line":27,"column":0},"end":{"line":27,"column":31}},"28":{"start":{"line":29,"column":0},"end":{"line":29,"column":35}},"29":{"start":{"line":30,"column":0},"end":{"line":30,"column":17}},"30":{"start":{"line":31,"column":0},"end":{"line":31,"column":28}},"31":{"start":{"line":32,"column":0},"end":{"line":32,"column":17}},"32":{"start":{"line":33,"column":0},"end":{"line":33,"column":51}},"33":{"start":{"line":34,"column":0},"end":{"line":34,"column":24}},"34":{"start":{"line":35,"column":0},"end":{"line":35,"column":99}},"35":{"start":{"line":36,"column":0},"end":{"line":36,"column":25}},"36":{"start":{"line":37,"column":0},"end":{"line":37,"column":28}},"37":{"start":{"line":38,"column":0},"end":{"line":38,"column":18}},"38":{"start":{"line":39,"column":0},"end":{"line":39,"column":20}},"39":{"start":{"line":40,"column":0},"end":{"line":40,"column":20}},"40":{"start":{"line":41,"column":0},"end":{"line":41,"column":74}},"41":{"start":{"line":42,"column":0},"end":{"line":42,"column":20}},"42":{"start":{"line":43,"column":0},"end":{"line":43,"column":24}},"43":{"start":{"line":44,"column":0},"end":{"line":44,"column":27}},"44":{"start":{"line":45,"column":0},"end":{"line":45,"column":15}},"45":{"start":{"line":46,"column":0},"end":{"line":46,"column":12}},"46":{"start":{"line":47,"column":0},"end":{"line":47,"column":9}},"47":{"start":{"line":48,"column":0},"end":{"line":48,"column":161}},"48":{"start":{"line":49,"column":0},"end":{"line":49,"column":25}},"49":{"start":{"line":50,"column":0},"end":{"line":50,"column":5}},"51":{"start":{"line":52,"column":0},"end":{"line":52,"column":48}},"52":{"start":{"line":53,"column":0},"end":{"line":53,"column":31}},"53":{"start":{"line":54,"column":0},"end":{"line":54,"column":43}},"54":{"start":{"line":55,"column":0},"end":{"line":55,"column":42}},"55":{"start":{"line":56,"column":0},"end":{"line":56,"column":75}},"56":{"start":{"line":57,"column":0},"end":{"line":57,"column":74}},"57":{"start":{"line":58,"column":0},"end":{"line":58,"column":65}},"58":{"start":{"line":59,"column":0},"end":{"line":59,"column":81}},"59":{"start":{"line":60,"column":0},"end":{"line":60,"column":5}},"60":{"start":{"line":61,"column":0},"end":{"line":61,"column":4}}},"s":{"0":1,"17":1,"18":1,"19":1,"20":1,"21":1,"22":1,"23":7,"24":7,"25":7,"26":7,"28":7,"29":7,"30":7,"31":7,"32":7,"33":7,"34":7,"35":7,"36":7,"37":7,"38":7,"39":7,"40":7,"41":7,"42":7,"43":7,"44":7,"45":7,"46":7,"47":7,"48":7,"49":7,"51":7,"52":7,"53":7,"54":7,"55":7,"56":7,"57":7,"58":5,"59":5,"60":7},"branchMap":{"0":{"type":"branch","line":22,"loc":{"start":{"line":22,"column":49},"end":{"line":22,"column":67}},"locations":[{"start":{"line":22,"column":49},"end":{"line":22,"column":67}}]},"1":{"type":"branch","line":23,"loc":{"start":{"line":23,"column":10},"end":{"line":61,"column":4}},"locations":[{"start":{"line":23,"column":10},"end":{"line":61,"column":4}}]},"2":{"type":"branch","line":33,"loc":{"start":{"line":33,"column":27},"end":{"line":33,"column":51}},"locations":[{"start":{"line":33,"column":27},"end":{"line":33,"column":51}}]},"3":{"type":"branch","line":35,"loc":{"start":{"line":35,"column":33},"end":{"line":35,"column":99}},"locations":[{"start":{"line":35,"column":33},"end":{"line":35,"column":99}}]},"4":{"type":"branch","line":41,"loc":{"start":{"line":41,"column":52},"end":{"line":41,"column":71}},"locations":[{"start":{"line":41,"column":52},"end":{"line":41,"column":71}}]},"5":{"type":"branch","line":41,"loc":{"start":{"line":41,"column":61},"end":{"line":41,"column":74}},"locations":[{"start":{"line":41,"column":61},"end":{"line":41,"column":74}}]},"6":{"type":"branch","line":48,"loc":{"start":{"line":48,"column":41},"end":{"line":48,"column":91}},"locations":[{"start":{"line":48,"column":41},"end":{"line":48,"column":91}}]},"7":{"type":"branch","line":48,"loc":{"start":{"line":48,"column":86},"end":{"line":48,"column":161}},"locations":[{"start":{"line":48,"column":86},"end":{"line":48,"column":161}}]},"8":{"type":"branch","line":56,"loc":{"start":{"line":56,"column":26},"end":{"line":56,"column":57}},"locations":[{"start":{"line":56,"column":26},"end":{"line":56,"column":57}}]},"9":{"type":"branch","line":56,"loc":{"start":{"line":56,"column":44},"end":{"line":56,"column":69}},"locations":[{"start":{"line":56,"column":44},"end":{"line":56,"column":69}}]},"10":{"type":"branch","line":56,"loc":{"start":{"line":56,"column":57},"end":{"line":56,"column":75}},"locations":[{"start":{"line":56,"column":57},"end":{"line":56,"column":75}}]},"11":{"type":"branch","line":58,"loc":{"start":{"line":58,"column":15},"end":{"line":58,"column":47}},"locations":[{"start":{"line":58,"column":15},"end":{"line":58,"column":47}}]},"12":{"type":"branch","line":58,"loc":{"start":{"line":58,"column":33},"end":{"line":58,"column":64}},"locations":[{"start":{"line":58,"column":33},"end":{"line":58,"column":64}}]},"13":{"type":"branch","line":58,"loc":{"start":{"line":58,"column":64},"end":{"line":60,"column":5}},"locations":[{"start":{"line":58,"column":64},"end":{"line":60,"column":5}}]},"14":{"type":"branch","line":48,"loc":{"start":{"line":48,"column":91},"end":{"line":48,"column":161}},"locations":[{"start":{"line":48,"column":91},"end":{"line":48,"column":161}}]}},"b":{"0":[1],"1":[7],"2":[6],"3":[6],"4":[1],"5":[6],"6":[6],"7":[1],"8":[6],"9":[6],"10":[1],"11":[6],"12":[6],"13":[5],"14":[1]},"fnMap":{"0":{"name":"ctx.fetch","decl":{"start":{"line":48,"column":91},"end":{"line":48,"column":161}},"loc":{"start":{"line":48,"column":91},"end":{"line":48,"column":161}},"line":48}},"f":{"0":1}}
,"/Users/eggp/marveen/packages/install/src/commands/status.ts": {"path":"/Users/eggp/marveen/packages/install/src/commands/status.ts","all":false,"statementMap":{"0":{"start":{"line":1,"column":0},"end":{"line":1,"column":21}},"16":{"start":{"line":17,"column":0},"end":{"line":17,"column":50}},"17":{"start":{"line":18,"column":0},"end":{"line":18,"column":60}},"18":{"start":{"line":19,"column":0},"end":{"line":19,"column":23}},"19":{"start":{"line":20,"column":0},"end":{"line":20,"column":31}},"20":{"start":{"line":21,"column":0},"end":{"line":21,"column":50}},"21":{"start":{"line":22,"column":0},"end":{"line":22,"column":31}},"23":{"start":{"line":24,"column":0},"end":{"line":24,"column":49}},"24":{"start":{"line":25,"column":0},"end":{"line":25,"column":55}},"25":{"start":{"line":26,"column":0},"end":{"line":26,"column":114}},"26":{"start":{"line":27,"column":0},"end":{"line":27,"column":77}},"28":{"start":{"line":29,"column":0},"end":{"line":29,"column":30}},"29":{"start":{"line":30,"column":0},"end":{"line":30,"column":81}},"30":{"start":{"line":31,"column":0},"end":{"line":31,"column":88}},"31":{"start":{"line":32,"column":0},"end":{"line":32,"column":45}},"32":{"start":{"line":33,"column":0},"end":{"line":33,"column":51}},"33":{"start":{"line":34,"column":0},"end":{"line":34,"column":87}},"34":{"start":{"line":35,"column":0},"end":{"line":35,"column":107}},"35":{"start":{"line":36,"column":0},"end":{"line":36,"column":5}},"37":{"start":{"line":38,"column":0},"end":{"line":38,"column":91}},"38":{"start":{"line":39,"column":0},"end":{"line":39,"column":4}}},"s":{"0":1,"16":1,"17":1,"18":1,"19":5,"20":5,"21":5,"23":5,"24":5,"25":5,"26":5,"28":5,"29":5,"30":5,"31":5,"32":5,"33":5,"34":5,"35":5,"37":5,"38":5},"branchMap":{"0":{"type":"branch","line":19,"loc":{"start":{"line":19,"column":10},"end":{"line":39,"column":4}},"locations":[{"start":{"line":19,"column":10},"end":{"line":39,"column":4}}]},"1":{"type":"branch","line":26,"loc":{"start":{"line":26,"column":66},"end":{"line":26,"column":113}},"locations":[{"start":{"line":26,"column":66},"end":{"line":26,"column":113}}]}},"b":{"0":[5],"1":[1]},"fnMap":{},"f":{}}
,"/Users/eggp/marveen/packages/install/src/commands/uninstall.ts": {"path":"/Users/eggp/marveen/packages/install/src/commands/uninstall.ts","all":false,"statementMap":{"0":{"start":{"line":1,"column":0},"end":{"line":1,"column":24}},"51":{"start":{"line":52,"column":0},"end":{"line":52,"column":56}},"52":{"start":{"line":53,"column":0},"end":{"line":53,"column":44}},"53":{"start":{"line":54,"column":0},"end":{"line":54,"column":65}},"54":{"start":{"line":55,"column":0},"end":{"line":55,"column":90}},"55":{"start":{"line":56,"column":0},"end":{"line":56,"column":76}},"56":{"start":{"line":57,"column":0},"end":{"line":57,"column":42}},"57":{"start":{"line":58,"column":0},"end":{"line":58,"column":62}},"58":{"start":{"line":59,"column":0},"end":{"line":59,"column":53}},"60":{"start":{"line":61,"column":0},"end":{"line":61,"column":21}},"61":{"start":{"line":62,"column":0},"end":{"line":62,"column":59}},"62":{"start":{"line":63,"column":0},"end":{"line":63,"column":37}},"63":{"start":{"line":64,"column":0},"end":{"line":64,"column":5}},"65":{"start":{"line":66,"column":0},"end":{"line":66,"column":31}},"66":{"start":{"line":67,"column":0},"end":{"line":67,"column":50}},"67":{"start":{"line":68,"column":0},"end":{"line":68,"column":29}},"68":{"start":{"line":69,"column":0},"end":{"line":69,"column":37}},"69":{"start":{"line":70,"column":0},"end":{"line":70,"column":40}},"70":{"start":{"line":71,"column":0},"end":{"line":71,"column":53}},"71":{"start":{"line":72,"column":0},"end":{"line":72,"column":72}},"72":{"start":{"line":73,"column":0},"end":{"line":73,"column":60}},"73":{"start":{"line":74,"column":0},"end":{"line":74,"column":60}},"76":{"start":{"line":77,"column":0},"end":{"line":77,"column":39}},"77":{"start":{"line":78,"column":0},"end":{"line":78,"column":22}},"78":{"start":{"line":79,"column":0},"end":{"line":79,"column":40}},"79":{"start":{"line":80,"column":0},"end":{"line":80,"column":5}},"80":{"start":{"line":81,"column":0},"end":{"line":81,"column":36}},"81":{"start":{"line":82,"column":0},"end":{"line":82,"column":32}},"82":{"start":{"line":83,"column":0},"end":{"line":83,"column":42}},"83":{"start":{"line":84,"column":0},"end":{"line":84,"column":5}},"85":{"start":{"line":86,"column":0},"end":{"line":86,"column":48}},"86":{"start":{"line":87,"column":0},"end":{"line":87,"column":45}},"87":{"start":{"line":88,"column":0},"end":{"line":88,"column":6}},"88":{"start":{"line":89,"column":0},"end":{"line":89,"column":65}},"89":{"start":{"line":90,"column":0},"end":{"line":90,"column":27}},"90":{"start":{"line":91,"column":0},"end":{"line":91,"column":57}},"91":{"start":{"line":92,"column":0},"end":{"line":92,"column":34}},"92":{"start":{"line":93,"column":0},"end":{"line":93,"column":26}},"93":{"start":{"line":94,"column":0},"end":{"line":94,"column":27}},"94":{"start":{"line":95,"column":0},"end":{"line":95,"column":25}},"95":{"start":{"line":96,"column":0},"end":{"line":96,"column":56}},"96":{"start":{"line":97,"column":0},"end":{"line":97,"column":7}},"97":{"start":{"line":98,"column":0},"end":{"line":98,"column":43}},"98":{"start":{"line":99,"column":0},"end":{"line":99,"column":56}},"99":{"start":{"line":100,"column":0},"end":{"line":100,"column":156}},"100":{"start":{"line":101,"column":0},"end":{"line":101,"column":39}},"101":{"start":{"line":102,"column":0},"end":{"line":102,"column":78}},"102":{"start":{"line":103,"column":0},"end":{"line":103,"column":5}},"105":{"start":{"line":106,"column":0},"end":{"line":106,"column":58}},"106":{"start":{"line":107,"column":0},"end":{"line":107,"column":96}},"107":{"start":{"line":108,"column":0},"end":{"line":108,"column":24}},"108":{"start":{"line":109,"column":0},"end":{"line":109,"column":99}},"109":{"start":{"line":110,"column":0},"end":{"line":110,"column":5}},"110":{"start":{"line":111,"column":0},"end":{"line":111,"column":52}},"111":{"start":{"line":112,"column":0},"end":{"line":112,"column":83}},"112":{"start":{"line":113,"column":0},"end":{"line":113,"column":80}},"113":{"start":{"line":114,"column":0},"end":{"line":114,"column":83}},"114":{"start":{"line":115,"column":0},"end":{"line":115,"column":83}},"116":{"start":{"line":117,"column":0},"end":{"line":117,"column":95}},"117":{"start":{"line":118,"column":0},"end":{"line":118,"column":65}},"118":{"start":{"line":119,"column":0},"end":{"line":119,"column":69}},"119":{"start":{"line":120,"column":0},"end":{"line":120,"column":11}},"121":{"start":{"line":122,"column":0},"end":{"line":122,"column":93}},"124":{"start":{"line":125,"column":0},"end":{"line":125,"column":11}},"126":{"start":{"line":127,"column":0},"end":{"line":127,"column":117}},"128":{"start":{"line":129,"column":0},"end":{"line":129,"column":95}},"129":{"start":{"line":130,"column":0},"end":{"line":130,"column":40}},"130":{"start":{"line":131,"column":0},"end":{"line":131,"column":94}},"131":{"start":{"line":132,"column":0},"end":{"line":132,"column":9}},"132":{"start":{"line":133,"column":0},"end":{"line":133,"column":11}},"134":{"start":{"line":135,"column":0},"end":{"line":135,"column":129}},"135":{"start":{"line":136,"column":0},"end":{"line":136,"column":136}},"136":{"start":{"line":137,"column":0},"end":{"line":137,"column":109}},"137":{"start":{"line":138,"column":0},"end":{"line":138,"column":116}},"138":{"start":{"line":139,"column":0},"end":{"line":139,"column":123}},"139":{"start":{"line":140,"column":0},"end":{"line":140,"column":109}},"141":{"start":{"line":142,"column":0},"end":{"line":142,"column":89}},"142":{"start":{"line":143,"column":0},"end":{"line":143,"column":31}},"143":{"start":{"line":144,"column":0},"end":{"line":144,"column":17}},"144":{"start":{"line":145,"column":0},"end":{"line":145,"column":43}},"145":{"start":{"line":146,"column":0},"end":{"line":146,"column":11}},"146":{"start":{"line":147,"column":0},"end":{"line":147,"column":49}},"148":{"start":{"line":149,"column":0},"end":{"line":149,"column":22}},"149":{"start":{"line":150,"column":0},"end":{"line":150,"column":76}},"150":{"start":{"line":151,"column":0},"end":{"line":151,"column":12}},"151":{"start":{"line":152,"column":0},"end":{"line":152,"column":5}},"153":{"start":{"line":154,"column":0},"end":{"line":154,"column":21}},"157":{"start":{"line":158,"column":0},"end":{"line":158,"column":23}},"158":{"start":{"line":159,"column":0},"end":{"line":159,"column":34}},"161":{"start":{"line":162,"column":0},"end":{"line":162,"column":29}},"162":{"start":{"line":163,"column":0},"end":{"line":163,"column":35}},"163":{"start":{"line":164,"column":0},"end":{"line":164,"column":9}},"164":{"start":{"line":165,"column":0},"end":{"line":165,"column":37}},"165":{"start":{"line":166,"column":0},"end":{"line":166,"column":126}},"166":{"start":{"line":167,"column":0},"end":{"line":167,"column":97}},"167":{"start":{"line":168,"column":0},"end":{"line":168,"column":47}},"168":{"start":{"line":169,"column":0},"end":{"line":169,"column":68}},"169":{"start":{"line":170,"column":0},"end":{"line":170,"column":43}},"170":{"start":{"line":171,"column":0},"end":{"line":171,"column":35}},"171":{"start":{"line":172,"column":0},"end":{"line":172,"column":83}},"172":{"start":{"line":173,"column":0},"end":{"line":173,"column":92}},"173":{"start":{"line":174,"column":0},"end":{"line":174,"column":60}},"174":{"start":{"line":175,"column":0},"end":{"line":175,"column":9}},"175":{"start":{"line":176,"column":0},"end":{"line":176,"column":38}},"176":{"start":{"line":177,"column":0},"end":{"line":177,"column":45}},"177":{"start":{"line":178,"column":0},"end":{"line":178,"column":42}},"178":{"start":{"line":179,"column":0},"end":{"line":179,"column":45}},"179":{"start":{"line":180,"column":0},"end":{"line":180,"column":45}},"180":{"start":{"line":181,"column":0},"end":{"line":181,"column":9}},"181":{"start":{"line":182,"column":0},"end":{"line":182,"column":101}},"182":{"start":{"line":183,"column":0},"end":{"line":183,"column":5}},"183":{"start":{"line":184,"column":0},"end":{"line":184,"column":49}},"184":{"start":{"line":185,"column":0},"end":{"line":185,"column":97}},"187":{"start":{"line":188,"column":0},"end":{"line":188,"column":4}},"192":{"start":{"line":193,"column":0},"end":{"line":193,"column":53}},"193":{"start":{"line":194,"column":0},"end":{"line":194,"column":61}},"194":{"start":{"line":195,"column":0},"end":{"line":195,"column":63}},"195":{"start":{"line":196,"column":0},"end":{"line":196,"column":67}},"196":{"start":{"line":197,"column":0},"end":{"line":197,"column":63}},"197":{"start":{"line":198,"column":0},"end":{"line":198,"column":4}},"198":{"start":{"line":199,"column":0},"end":{"line":199,"column":29}},"199":{"start":{"line":200,"column":0},"end":{"line":200,"column":1}},"202":{"start":{"line":203,"column":0},"end":{"line":203,"column":53}},"203":{"start":{"line":204,"column":0},"end":{"line":204,"column":59}},"204":{"start":{"line":205,"column":0},"end":{"line":205,"column":19}},"205":{"start":{"line":206,"column":0},"end":{"line":206,"column":69}},"206":{"start":{"line":207,"column":0},"end":{"line":207,"column":4}},"207":{"start":{"line":208,"column":0},"end":{"line":208,"column":1}},"210":{"start":{"line":211,"column":0},"end":{"line":211,"column":37}},"215":{"start":{"line":216,"column":0},"end":{"line":216,"column":58}},"216":{"start":{"line":217,"column":0},"end":{"line":217,"column":70}},"217":{"start":{"line":218,"column":0},"end":{"line":218,"column":87}},"218":{"start":{"line":219,"column":0},"end":{"line":219,"column":112}},"221":{"start":{"line":222,"column":0},"end":{"line":222,"column":32}},"222":{"start":{"line":223,"column":0},"end":{"line":223,"column":102}},"223":{"start":{"line":224,"column":0},"end":{"line":224,"column":96}},"224":{"start":{"line":225,"column":0},"end":{"line":225,"column":96}},"225":{"start":{"line":226,"column":0},"end":{"line":226,"column":108}},"226":{"start":{"line":227,"column":0},"end":{"line":227,"column":118}},"227":{"start":{"line":228,"column":0},"end":{"line":228,"column":3}},"230":{"start":{"line":231,"column":0},"end":{"line":231,"column":30}},"231":{"start":{"line":232,"column":0},"end":{"line":232,"column":143}},"232":{"start":{"line":233,"column":0},"end":{"line":233,"column":143}},"233":{"start":{"line":234,"column":0},"end":{"line":234,"column":3}},"234":{"start":{"line":235,"column":0},"end":{"line":235,"column":12}},"235":{"start":{"line":236,"column":0},"end":{"line":236,"column":1}},"237":{"start":{"line":238,"column":0},"end":{"line":238,"column":26}},"238":{"start":{"line":239,"column":0},"end":{"line":239,"column":55}},"239":{"start":{"line":240,"column":0},"end":{"line":240,"column":1}}},"s":{"0":1,"51":1,"52":1,"53":1,"54":1,"55":1,"56":1,"57":19,"58":11,"60":19,"61":1,"62":1,"63":1,"65":18,"66":18,"67":18,"68":18,"69":18,"70":18,"71":18,"72":18,"73":18,"76":18,"77":19,"78":13,"79":13,"80":18,"81":19,"82":3,"83":3,"85":18,"86":18,"87":18,"88":18,"89":18,"90":19,"91":4,"92":4,"93":4,"94":4,"95":4,"96":4,"97":4,"98":4,"99":4,"100":19,"101":14,"102":14,"105":17,"106":17,"107":165,"108":1,"109":165,"110":17,"111":17,"112":17,"113":17,"114":17,"116":17,"117":15,"118":15,"119":17,"121":17,"124":17,"126":17,"128":17,"129":15,"130":2,"131":2,"132":17,"134":17,"135":17,"136":17,"137":17,"138":17,"139":17,"141":17,"142":15,"143":15,"144":15,"145":17,"146":17,"148":19,"149":2,"150":2,"151":2,"153":15,"157":15,"158":15,"161":15,"162":15,"163":15,"164":15,"165":15,"166":15,"167":15,"168":15,"169":15,"170":15,"171":15,"172":15,"173":15,"174":15,"175":15,"176":15,"177":15,"178":15,"179":15,"180":15,"181":19,"182":19,"183":19,"184":19,"187":19,"192":13,"193":13,"194":13,"195":13,"196":13,"197":13,"198":13,"199":13,"202":3,"203":3,"204":3,"205":3,"206":3,"207":3,"210":18,"215":18,"216":18,"217":18,"218":18,"221":18,"222":17,"223":17,"224":17,"225":17,"226":17,"227":17,"230":18,"231":18,"232":18,"233":18,"234":18,"235":18,"237":18,"238":18,"239":18},"branchMap":{"0":{"type":"branch","line":57,"loc":{"start":{"line":57,"column":10},"end":{"line":188,"column":4}},"locations":[{"start":{"line":57,"column":10},"end":{"line":188,"column":4}}]},"1":{"type":"branch","line":58,"loc":{"start":{"line":58,"column":37},"end":{"line":58,"column":62}},"locations":[{"start":{"line":58,"column":37},"end":{"line":58,"column":62}}]},"2":{"type":"branch","line":58,"loc":{"start":{"line":58,"column":58},"end":{"line":59,"column":53}},"locations":[{"start":{"line":58,"column":58},"end":{"line":59,"column":53}}]},"3":{"type":"branch","line":59,"loc":{"start":{"line":59,"column":52},"end":{"line":61,"column":20}},"locations":[{"start":{"line":59,"column":52},"end":{"line":61,"column":20}}]},"4":{"type":"branch","line":61,"loc":{"start":{"line":61,"column":20},"end":{"line":64,"column":5}},"locations":[{"start":{"line":61,"column":20},"end":{"line":64,"column":5}}]},"5":{"type":"branch","line":64,"loc":{"start":{"line":64,"column":4},"end":{"line":78,"column":21}},"locations":[{"start":{"line":64,"column":4},"end":{"line":78,"column":21}}]},"6":{"type":"branch","line":78,"loc":{"start":{"line":78,"column":21},"end":{"line":80,"column":5}},"locations":[{"start":{"line":78,"column":21},"end":{"line":80,"column":5}}]},"7":{"type":"branch","line":80,"loc":{"start":{"line":80,"column":4},"end":{"line":82,"column":31}},"locations":[{"start":{"line":80,"column":4},"end":{"line":82,"column":31}}]},"8":{"type":"branch","line":82,"loc":{"start":{"line":82,"column":31},"end":{"line":84,"column":5}},"locations":[{"start":{"line":82,"column":31},"end":{"line":84,"column":5}}]},"9":{"type":"branch","line":84,"loc":{"start":{"line":84,"column":4},"end":{"line":91,"column":33}},"locations":[{"start":{"line":84,"column":4},"end":{"line":91,"column":33}}]},"10":{"type":"branch","line":91,"loc":{"start":{"line":91,"column":23},"end":{"line":91,"column":56}},"locations":[{"start":{"line":91,"column":23},"end":{"line":91,"column":56}}]},"11":{"type":"branch","line":91,"loc":{"start":{"line":91,"column":56},"end":{"line":101,"column":15}},"locations":[{"start":{"line":91,"column":56},"end":{"line":101,"column":15}}]},"12":{"type":"branch","line":96,"loc":{"start":{"line":96,"column":25},"end":{"line":96,"column":52}},"locations":[{"start":{"line":96,"column":25},"end":{"line":96,"column":52}}]},"13":{"type":"branch","line":96,"loc":{"start":{"line":96,"column":48},"end":{"line":96,"column":56}},"locations":[{"start":{"line":96,"column":48},"end":{"line":96,"column":56}}]},"14":{"type":"branch","line":101,"loc":{"start":{"line":101,"column":4},"end":{"line":103,"column":5}},"locations":[{"start":{"line":101,"column":4},"end":{"line":103,"column":5}}]},"15":{"type":"branch","line":103,"loc":{"start":{"line":103,"column":4},"end":{"line":149,"column":21}},"locations":[{"start":{"line":103,"column":4},"end":{"line":149,"column":21}}]},"16":{"type":"branch","line":149,"loc":{"start":{"line":149,"column":21},"end":{"line":152,"column":5}},"locations":[{"start":{"line":149,"column":21},"end":{"line":152,"column":5}}]},"17":{"type":"branch","line":150,"loc":{"start":{"line":150,"column":35},"end":{"line":150,"column":76}},"locations":[{"start":{"line":150,"column":35},"end":{"line":150,"column":76}}]},"18":{"type":"branch","line":152,"loc":{"start":{"line":152,"column":4},"end":{"line":182,"column":60}},"locations":[{"start":{"line":152,"column":4},"end":{"line":182,"column":60}}]},"19":{"type":"branch","line":182,"loc":{"start":{"line":182,"column":51},"end":{"line":182,"column":92}},"locations":[{"start":{"line":182,"column":51},"end":{"line":182,"column":92}}]},"20":{"type":"branch","line":182,"loc":{"start":{"line":182,"column":88},"end":{"line":182,"column":99}},"locations":[{"start":{"line":182,"column":88},"end":{"line":182,"column":99}}]},"21":{"type":"branch","line":107,"loc":{"start":{"line":107,"column":17},"end":{"line":110,"column":5}},"locations":[{"start":{"line":107,"column":17},"end":{"line":110,"column":5}}]},"22":{"type":"branch","line":108,"loc":{"start":{"line":108,"column":21},"end":{"line":108,"column":24}},"locations":[{"start":{"line":108,"column":21},"end":{"line":108,"column":24}}]},"23":{"type":"branch","line":108,"loc":{"start":{"line":108,"column":23},"end":{"line":109,"column":99}},"locations":[{"start":{"line":108,"column":23},"end":{"line":109,"column":99}}]},"24":{"type":"branch","line":112,"loc":{"start":{"line":112,"column":52},"end":{"line":112,"column":81}},"locations":[{"start":{"line":112,"column":52},"end":{"line":112,"column":81}}]},"25":{"type":"branch","line":113,"loc":{"start":{"line":113,"column":49},"end":{"line":113,"column":78}},"locations":[{"start":{"line":113,"column":49},"end":{"line":113,"column":78}}]},"26":{"type":"branch","line":114,"loc":{"start":{"line":114,"column":52},"end":{"line":114,"column":81}},"locations":[{"start":{"line":114,"column":52},"end":{"line":114,"column":81}}]},"27":{"type":"branch","line":115,"loc":{"start":{"line":115,"column":52},"end":{"line":115,"column":81}},"locations":[{"start":{"line":115,"column":52},"end":{"line":115,"column":81}}]},"28":{"type":"branch","line":117,"loc":{"start":{"line":117,"column":55},"end":{"line":120,"column":9}},"locations":[{"start":{"line":117,"column":55},"end":{"line":120,"column":9}}]},"29":{"type":"branch","line":117,"loc":{"start":{"line":117,"column":82},"end":{"line":120,"column":7}},"locations":[{"start":{"line":117,"column":82},"end":{"line":120,"column":7}}]},"30":{"type":"branch","line":122,"loc":{"start":{"line":122,"column":54},"end":{"line":125,"column":9}},"locations":[{"start":{"line":122,"column":54},"end":{"line":125,"column":9}}]},"31":{"type":"branch","line":122,"loc":{"start":{"line":122,"column":80},"end":{"line":125,"column":7}},"locations":[{"start":{"line":122,"column":80},"end":{"line":125,"column":7}}]},"32":{"type":"branch","line":127,"loc":{"start":{"line":127,"column":55},"end":{"line":127,"column":115}},"locations":[{"start":{"line":127,"column":55},"end":{"line":127,"column":115}}]},"33":{"type":"branch","line":127,"loc":{"start":{"line":127,"column":82},"end":{"line":127,"column":113}},"locations":[{"start":{"line":127,"column":82},"end":{"line":127,"column":113}}]},"34":{"type":"branch","line":129,"loc":{"start":{"line":129,"column":55},"end":{"line":133,"column":9}},"locations":[{"start":{"line":129,"column":55},"end":{"line":133,"column":9}}]},"35":{"type":"branch","line":129,"loc":{"start":{"line":129,"column":82},"end":{"line":133,"column":7}},"locations":[{"start":{"line":129,"column":82},"end":{"line":133,"column":7}}]},"36":{"type":"branch","line":130,"loc":{"start":{"line":130,"column":39},"end":{"line":132,"column":9}},"locations":[{"start":{"line":130,"column":39},"end":{"line":132,"column":9}}]},"37":{"type":"branch","line":135,"loc":{"start":{"line":135,"column":59},"end":{"line":135,"column":127}},"locations":[{"start":{"line":135,"column":59},"end":{"line":135,"column":127}}]},"38":{"type":"branch","line":135,"loc":{"start":{"line":135,"column":90},"end":{"line":135,"column":125}},"locations":[{"start":{"line":135,"column":90},"end":{"line":135,"column":125}}]},"39":{"type":"branch","line":136,"loc":{"start":{"line":136,"column":62},"end":{"line":136,"column":134}},"locations":[{"start":{"line":136,"column":62},"end":{"line":136,"column":134}}]},"40":{"type":"branch","line":136,"loc":{"start":{"line":136,"column":96},"end":{"line":136,"column":132}},"locations":[{"start":{"line":136,"column":96},"end":{"line":136,"column":132}}]},"41":{"type":"branch","line":137,"loc":{"start":{"line":137,"column":54},"end":{"line":137,"column":107}},"locations":[{"start":{"line":137,"column":54},"end":{"line":137,"column":107}}]},"42":{"type":"branch","line":137,"loc":{"start":{"line":137,"column":80},"end":{"line":137,"column":105}},"locations":[{"start":{"line":137,"column":80},"end":{"line":137,"column":105}}]},"43":{"type":"branch","line":138,"loc":{"start":{"line":138,"column":53},"end":{"line":138,"column":114}},"locations":[{"start":{"line":138,"column":53},"end":{"line":138,"column":114}}]},"44":{"type":"branch","line":138,"loc":{"start":{"line":138,"column":78},"end":{"line":138,"column":112}},"locations":[{"start":{"line":138,"column":78},"end":{"line":138,"column":112}}]},"45":{"type":"branch","line":139,"loc":{"start":{"line":139,"column":55},"end":{"line":139,"column":121}},"locations":[{"start":{"line":139,"column":55},"end":{"line":139,"column":121}}]},"46":{"type":"branch","line":139,"loc":{"start":{"line":139,"column":82},"end":{"line":139,"column":119}},"locations":[{"start":{"line":139,"column":82},"end":{"line":139,"column":119}}]},"47":{"type":"branch","line":140,"loc":{"start":{"line":140,"column":51},"end":{"line":140,"column":107}},"locations":[{"start":{"line":140,"column":51},"end":{"line":140,"column":107}}]},"48":{"type":"branch","line":140,"loc":{"start":{"line":140,"column":74},"end":{"line":140,"column":105}},"locations":[{"start":{"line":140,"column":74},"end":{"line":140,"column":105}}]},"49":{"type":"branch","line":142,"loc":{"start":{"line":142,"column":55},"end":{"line":146,"column":9}},"locations":[{"start":{"line":142,"column":55},"end":{"line":146,"column":9}}]},"50":{"type":"branch","line":142,"loc":{"start":{"line":142,"column":82},"end":{"line":146,"column":7}},"locations":[{"start":{"line":142,"column":82},"end":{"line":146,"column":7}}]},"51":{"type":"branch","line":193,"loc":{"start":{"line":193,"column":0},"end":{"line":200,"column":1}},"locations":[{"start":{"line":193,"column":0},"end":{"line":200,"column":1}}]},"52":{"type":"branch","line":203,"loc":{"start":{"line":203,"column":0},"end":{"line":208,"column":1}},"locations":[{"start":{"line":203,"column":0},"end":{"line":208,"column":1}}]},"53":{"type":"branch","line":206,"loc":{"start":{"line":206,"column":14},"end":{"line":206,"column":69}},"locations":[{"start":{"line":206,"column":14},"end":{"line":206,"column":69}}]},"54":{"type":"branch","line":206,"loc":{"start":{"line":206,"column":41},"end":{"line":206,"column":52}},"locations":[{"start":{"line":206,"column":41},"end":{"line":206,"column":52}}]},"55":{"type":"branch","line":206,"loc":{"start":{"line":206,"column":45},"end":{"line":206,"column":69}},"locations":[{"start":{"line":206,"column":45},"end":{"line":206,"column":69}}]},"56":{"type":"branch","line":211,"loc":{"start":{"line":211,"column":0},"end":{"line":236,"column":1}},"locations":[{"start":{"line":211,"column":0},"end":{"line":236,"column":1}}]},"57":{"type":"branch","line":219,"loc":{"start":{"line":219,"column":31},"end":{"line":219,"column":112}},"locations":[{"start":{"line":219,"column":31},"end":{"line":219,"column":112}}]},"58":{"type":"branch","line":222,"loc":{"start":{"line":222,"column":31},"end":{"line":228,"column":3}},"locations":[{"start":{"line":222,"column":31},"end":{"line":228,"column":3}}]},"59":{"type":"branch","line":238,"loc":{"start":{"line":238,"column":0},"end":{"line":240,"column":1}},"locations":[{"start":{"line":238,"column":0},"end":{"line":240,"column":1}}]}},"b":{"0":[19],"1":[14],"2":[11],"3":[11],"4":[1],"5":[18],"6":[13],"7":[18],"8":[3],"9":[18],"10":[4],"11":[4],"12":[3],"13":[1],"14":[14],"15":[17],"16":[2],"17":[30],"18":[15],"19":[12],"20":[3],"21":[165],"22":[164],"23":[1],"24":[15],"25":[15],"26":[15],"27":[15],"28":[15],"29":[15],"30":[15],"31":[15],"32":[15],"33":[15],"34":[15],"35":[15],"36":[2],"37":[15],"38":[15],"39":[15],"40":[15],"41":[15],"42":[15],"43":[15],"44":[15],"45":[15],"46":[15],"47":[15],"48":[15],"49":[15],"50":[15],"51":[13],"52":[3],"53":[3],"54":[2],"55":[1],"56":[18],"57":[17],"58":[17],"59":[18]},"fnMap":{"0":{"name":"safe","decl":{"start":{"line":107,"column":17},"end":{"line":110,"column":5}},"loc":{"start":{"line":107,"column":17},"end":{"line":110,"column":5}},"line":107},"1":{"name":"task","decl":{"start":{"line":112,"column":52},"end":{"line":112,"column":81}},"loc":{"start":{"line":112,"column":52},"end":{"line":112,"column":81}},"line":112},"2":{"name":"task","decl":{"start":{"line":113,"column":49},"end":{"line":113,"column":78}},"loc":{"start":{"line":113,"column":49},"end":{"line":113,"column":78}},"line":113},"3":{"name":"task","decl":{"start":{"line":114,"column":52},"end":{"line":114,"column":81}},"loc":{"start":{"line":114,"column":52},"end":{"line":114,"column":81}},"line":114},"4":{"name":"task","decl":{"start":{"line":115,"column":52},"end":{"line":115,"column":81}},"loc":{"start":{"line":115,"column":52},"end":{"line":115,"column":81}},"line":115},"5":{"name":"task","decl":{"start":{"line":117,"column":55},"end":{"line":120,"column":9}},"loc":{"start":{"line":117,"column":55},"end":{"line":120,"column":9}},"line":117},"6":{"name":"task","decl":{"start":{"line":122,"column":54},"end":{"line":125,"column":9}},"loc":{"start":{"line":122,"column":54},"end":{"line":125,"column":9}},"line":122},"7":{"name":"task","decl":{"start":{"line":127,"column":55},"end":{"line":127,"column":115}},"loc":{"start":{"line":127,"column":55},"end":{"line":127,"column":115}},"line":127},"8":{"name":"task","decl":{"start":{"line":129,"column":55},"end":{"line":133,"column":9}},"loc":{"start":{"line":129,"column":55},"end":{"line":133,"column":9}},"line":129},"9":{"name":"task","decl":{"start":{"line":135,"column":59},"end":{"line":135,"column":127}},"loc":{"start":{"line":135,"column":59},"end":{"line":135,"column":127}},"line":135},"10":{"name":"task","decl":{"start":{"line":136,"column":62},"end":{"line":136,"column":134}},"loc":{"start":{"line":136,"column":62},"end":{"line":136,"column":134}},"line":136},"11":{"name":"task","decl":{"start":{"line":137,"column":54},"end":{"line":137,"column":107}},"loc":{"start":{"line":137,"column":54},"end":{"line":137,"column":107}},"line":137},"12":{"name":"task","decl":{"start":{"line":138,"column":53},"end":{"line":138,"column":114}},"loc":{"start":{"line":138,"column":53},"end":{"line":138,"column":114}},"line":138},"13":{"name":"task","decl":{"start":{"line":139,"column":55},"end":{"line":139,"column":121}},"loc":{"start":{"line":139,"column":55},"end":{"line":139,"column":121}},"line":139},"14":{"name":"task","decl":{"start":{"line":140,"column":51},"end":{"line":140,"column":107}},"loc":{"start":{"line":140,"column":51},"end":{"line":140,"column":107}},"line":140},"15":{"name":"task","decl":{"start":{"line":142,"column":55},"end":{"line":146,"column":9}},"loc":{"start":{"line":142,"column":55},"end":{"line":146,"column":9}},"line":142},"16":{"name":"askBackupMode","decl":{"start":{"line":193,"column":0},"end":{"line":200,"column":1}},"loc":{"start":{"line":193,"column":0},"end":{"line":200,"column":1}},"line":193},"17":{"name":"askBackupPassword","decl":{"start":{"line":203,"column":0},"end":{"line":208,"column":1}},"loc":{"start":{"line":203,"column":0},"end":{"line":208,"column":1}},"line":203},"18":{"name":"validate","decl":{"start":{"line":206,"column":14},"end":{"line":206,"column":69}},"loc":{"start":{"line":206,"column":14},"end":{"line":206,"column":69}},"line":206},"19":{"name":"collectBackupCandidates","decl":{"start":{"line":211,"column":0},"end":{"line":236,"column":1}},"loc":{"start":{"line":211,"column":0},"end":{"line":236,"column":1}},"line":211},"20":{"name":"stamp","decl":{"start":{"line":238,"column":0},"end":{"line":240,"column":1}},"loc":{"start":{"line":238,"column":0},"end":{"line":240,"column":1}},"line":238}},"f":{"0":165,"1":15,"2":15,"3":15,"4":15,"5":15,"6":15,"7":15,"8":15,"9":15,"10":15,"11":15,"12":15,"13":15,"14":15,"15":15,"16":13,"17":3,"18":3,"19":18,"20":18}}
,"/Users/eggp/marveen/packages/install/src/commands/update.ts": {"path":"/Users/eggp/marveen/packages/install/src/commands/update.ts","all":false,"statementMap":{"0":{"start":{"line":1,"column":0},"end":{"line":1,"column":21}},"20":{"start":{"line":21,"column":0},"end":{"line":21,"column":50}},"21":{"start":{"line":22,"column":0},"end":{"line":22,"column":56}},"22":{"start":{"line":23,"column":0},"end":{"line":23,"column":61}},"23":{"start":{"line":24,"column":0},"end":{"line":24,"column":96}},"24":{"start":{"line":25,"column":0},"end":{"line":25,"column":64}},"25":{"start":{"line":26,"column":0},"end":{"line":26,"column":31}},"26":{"start":{"line":27,"column":0},"end":{"line":27,"column":50}},"28":{"start":{"line":29,"column":0},"end":{"line":29,"column":31}},"30":{"start":{"line":31,"column":0},"end":{"line":31,"column":86}},"31":{"start":{"line":32,"column":0},"end":{"line":32,"column":97}},"32":{"start":{"line":33,"column":0},"end":{"line":33,"column":76}},"33":{"start":{"line":34,"column":0},"end":{"line":34,"column":30}},"34":{"start":{"line":35,"column":0},"end":{"line":35,"column":92}},"35":{"start":{"line":36,"column":0},"end":{"line":36,"column":55}},"36":{"start":{"line":37,"column":0},"end":{"line":37,"column":21}},"37":{"start":{"line":38,"column":0},"end":{"line":38,"column":5}},"39":{"start":{"line":40,"column":0},"end":{"line":40,"column":62}},"40":{"start":{"line":41,"column":0},"end":{"line":41,"column":37}},"41":{"start":{"line":42,"column":0},"end":{"line":42,"column":65}},"42":{"start":{"line":43,"column":0},"end":{"line":43,"column":39}},"43":{"start":{"line":44,"column":0},"end":{"line":44,"column":91}},"45":{"start":{"line":46,"column":0},"end":{"line":46,"column":35}},"46":{"start":{"line":47,"column":0},"end":{"line":47,"column":70}},"47":{"start":{"line":48,"column":0},"end":{"line":48,"column":69}},"48":{"start":{"line":49,"column":0},"end":{"line":49,"column":87}},"50":{"start":{"line":51,"column":0},"end":{"line":51,"column":36}},"51":{"start":{"line":52,"column":0},"end":{"line":52,"column":134}},"52":{"start":{"line":53,"column":0},"end":{"line":53,"column":12}},"53":{"start":{"line":54,"column":0},"end":{"line":54,"column":119}},"54":{"start":{"line":55,"column":0},"end":{"line":55,"column":5}},"56":{"start":{"line":57,"column":0},"end":{"line":57,"column":90}},"57":{"start":{"line":58,"column":0},"end":{"line":58,"column":73}},"58":{"start":{"line":59,"column":0},"end":{"line":59,"column":4}}},"s":{"0":1,"20":1,"21":1,"22":1,"23":1,"24":1,"25":9,"26":9,"28":9,"30":9,"31":9,"32":9,"33":9,"34":1,"35":1,"36":1,"37":1,"39":9,"40":9,"41":7,"42":1,"43":1,"45":1,"46":7,"47":1,"48":1,"50":9,"51":2,"52":9,"53":6,"54":6,"56":8,"57":8,"58":8},"branchMap":{"0":{"type":"branch","line":25,"loc":{"start":{"line":25,"column":10},"end":{"line":59,"column":4}},"locations":[{"start":{"line":25,"column":10},"end":{"line":59,"column":4}}]},"1":{"type":"branch","line":32,"loc":{"start":{"line":32,"column":57},"end":{"line":32,"column":97}},"locations":[{"start":{"line":32,"column":57},"end":{"line":32,"column":97}}]},"2":{"type":"branch","line":34,"loc":{"start":{"line":34,"column":29},"end":{"line":38,"column":5}},"locations":[{"start":{"line":34,"column":29},"end":{"line":38,"column":5}}]},"3":{"type":"branch","line":38,"loc":{"start":{"line":38,"column":4},"end":{"line":40,"column":49}},"locations":[{"start":{"line":38,"column":4},"end":{"line":40,"column":49}}]},"4":{"type":"branch","line":40,"loc":{"start":{"line":40,"column":44},"end":{"line":40,"column":57}},"locations":[{"start":{"line":40,"column":44},"end":{"line":40,"column":57}}]},"5":{"type":"branch","line":40,"loc":{"start":{"line":40,"column":49},"end":{"line":40,"column":62}},"locations":[{"start":{"line":40,"column":49},"end":{"line":40,"column":62}}]},"6":{"type":"branch","line":41,"loc":{"start":{"line":41,"column":32},"end":{"line":42,"column":65}},"locations":[{"start":{"line":41,"column":32},"end":{"line":42,"column":65}}]},"7":{"type":"branch","line":42,"loc":{"start":{"line":42,"column":64},"end":{"line":43,"column":39}},"locations":[{"start":{"line":42,"column":64},"end":{"line":43,"column":39}}]},"8":{"type":"branch","line":43,"loc":{"start":{"line":43,"column":38},"end":{"line":46,"column":35}},"locations":[{"start":{"line":43,"column":38},"end":{"line":46,"column":35}}]},"9":{"type":"branch","line":46,"loc":{"start":{"line":46,"column":30},"end":{"line":47,"column":70}},"locations":[{"start":{"line":46,"column":30},"end":{"line":47,"column":70}}]},"10":{"type":"branch","line":47,"loc":{"start":{"line":47,"column":69},"end":{"line":48,"column":69}},"locations":[{"start":{"line":47,"column":69},"end":{"line":48,"column":69}}]},"11":{"type":"branch","line":48,"loc":{"start":{"line":48,"column":68},"end":{"line":51,"column":35}},"locations":[{"start":{"line":48,"column":68},"end":{"line":51,"column":35}}]},"12":{"type":"branch","line":51,"loc":{"start":{"line":51,"column":35},"end":{"line":53,"column":11}},"locations":[{"start":{"line":51,"column":35},"end":{"line":53,"column":11}}]},"13":{"type":"branch","line":53,"loc":{"start":{"line":53,"column":4},"end":{"line":55,"column":5}},"locations":[{"start":{"line":53,"column":4},"end":{"line":55,"column":5}}]},"14":{"type":"branch","line":55,"loc":{"start":{"line":55,"column":4},"end":{"line":59,"column":4}},"locations":[{"start":{"line":55,"column":4},"end":{"line":59,"column":4}}]},"15":{"type":"branch","line":52,"loc":{"start":{"line":52,"column":118},"end":{"line":52,"column":133}},"locations":[{"start":{"line":52,"column":118},"end":{"line":52,"column":133}}]},"16":{"type":"branch","line":54,"loc":{"start":{"line":54,"column":103},"end":{"line":54,"column":118}},"locations":[{"start":{"line":54,"column":103},"end":{"line":54,"column":118}}]}},"b":{"0":[9],"1":[8],"2":[1],"3":[8],"4":[7],"5":[1],"6":[7],"7":[1],"8":[1],"9":[7],"10":[1],"11":[1],"12":[2],"13":[6],"14":[8],"15":[1
[...]
"71":3,"72":3,"73":17,"74":4,"75":4,"76":4,"77":17,"78":8,"79":8,"80":17,"81":17},"branchMap":{"0":{"type":"branch","line":28,"loc":{"start":{"line":28,"column":7},"end":{"line":30,"column":1}},"locations":[{"start":{"line":28,"column":7},"end":{"line":30,"column":1}}]},"1":{"type":"branch","line":32,"loc":{"start":{"line":32,"column":7},"end":{"line":34,"column":1}},"locations":[{"start":{"line":32,"column":7},"end":{"line":34,"column":1}}]},"2":{"type":"branch","line":36,"loc":{"start":{"line":36,"column":7},"end":{"line":82,"column":1}},"locations":[{"start":{"line":36,"column":7},"end":{"line":82,"column":1}}]},"3":{"type":"branch","line":41,"loc":{"start":{"line":41,"column":17},"end":{"line":46,"column":3}},"locations":[{"start":{"line":41,"column":17},"end":{"line":46,"column":3}}]},"4":{"type":"branch","line":42,"loc":{"start":{"line":42,"column":24},"end":{"line":44,"column":5}},"locations":[{"start":{"line":42,"column":24},"end":{"line":44,"column":5}}]},"5":{"type":"branch","line":49,"loc":{"start":{"line":49,"column":4},"end":{"line":55,"column":6}},"locations":[{"start":{"line":49,"column":4},"end":{"line":55,"column":6}}]},"6":{"type":"branch","line":51,"loc":{"start":{"line":51,"column":19},"end":{"line":51,"column":29}},"locations":[{"start":{"line":51,"column":19},"end":{"line":51,"column":29}}]},"7":{"type":"branch","line":51,"loc":{"start":{"line":51,"column":28},"end":{"line":52,"column":43}},"locations":[{"start":{"line":51,"column":28},"end":{"line":52,"column":43}}]},"8":{"type":"branch","line":56,"loc":{"start":{"line":56,"column":4},"end":{"line":61,"column":6}},"locations":[{"start":{"line":56,"column":4},"end":{"line":61,"column":6}}]},"9":{"type":"branch","line":57,"loc":{"start":{"line":57,"column":26},"end":{"line":59,"column":7}},"locations":[{"start":{"line":57,"column":26},"end":{"line":59,"column":7}}]},"10":{"type":"branch","line":62,"loc":{"start":{"line":62,"column":4},"end":{"line":67,"column":6}},"locations":[{"start":{"line":62,"column":4},"end":{"line":67,"column":6}}]},"11":{"type":"branch","line":63,"loc":{"start":{"line":63,"column":26},"end":{"line":65,"column":7}},"locations":[{"start":{"line":63,"column":26},"end":{"line":65,"column":7}}]},"12":{"type":"branch","line":64,"loc":{"start":{"line":64,"column":31},"end":{"line":64,"column":55}},"locations":[{"start":{"line":64,"column":31},"end":{"line":64,"column":55}}]},"13":{"type":"branch","line":64,"loc":{"start":{"line":64,"column":43},"end":{"line":64,"column":77}},"locations":[{"start":{"line":64,"column":43},"end":{"line":64,"column":77}}]},"14":{"type":"branch","line":68,"loc":{"start":{"line":68,"column":4},"end":{"line":73,"column":6}},"locations":[{"start":{"line":68,"column":4},"end":{"line":73,"column":6}}]},"15":{"type":"branch","line":69,"loc":{"start":{"line":69,"column":26},"end":{"line":71,"column":7}},"locations":[{"start":{"line":69,"column":26},"end":{"line":71,"column":7}}]},"16":{"type":"branch","line":70,"loc":{"start":{"line":70,"column":28},"end":{"line":70,"column":52}},"locations":[{"start":{"line":70,"column":28},"end":{"line":70,"column":52}}]},"17":{"type":"branch","line":70,"loc":{"start":{"line":70,"column":40},"end":{"line":70,"column":72}},"locations":[{"start":{"line":70,"column":40},"end":{"line":70,"column":72}}]},"18":{"type":"branch","line":74,"loc":{"start":{"line":74,"column":4},"end":{"line":77,"column":6}},"locations":[{"start":{"line":74,"column":4},"end":{"line":77,"column":6}}]},"19":{"type":"branch","line":75,"loc":{"start":{"line":75,"column":20},"end":{"line":75,"column":46}},"locations":[{"start":{"line":75,"column":20},"end":{"line":75,"column":46}}]},"20":{"type":"branch","line":75,"loc":{"start":{"line":75,"column":46},"end":{"line":75,"column":58}},"locations":[{"start":{"line":75,"column":46},"end":{"line":75,"column":58}}]},"21":{"type":"branch","line":78,"loc":{"start":{"line":78,"column":4},"end":{"line":80,"column":6}},"locations":[{"start":{"line":78,"column":4},"end":{"line":80,"column":6}}]}},"b":{"0":[17],"1":[18],"2":[17],"3":[14],"4":[13],"5":[14],"6":[10],"7":[4],"8":[2],"9":[1],"10":[3],"11":[2],"12":[1],"13":[1],"14":[3],"15":[2],"16":[1],"17":[1],"18":[4],"19":[3],"20":[1],"21":[8]},"fnMap":{"0":{"name":"setSpinnerImpl","decl":{"start":{"line":28,"column":7},"end":{"line":30,"column":1}},"loc":{"start":{"line":28,"column":7},"end":{"line":30,"column":1}},"line":28},"1":{"name":"resetSpinnerImpl","decl":{"start":{"line":32,"column":7},"end":{"line":34,"column":1}},"loc":{"start":{"line":32,"column":7},"end":{"line":34,"column":1}},"line":32},"2":{"name":"createSpinner","decl":{"start":{"line":36,"column":7},"end":{"line":82,"column":1}},"loc":{"start":{"line":36,"column":7},"end":{"line":82,"column":1}},"line":36},"3":{"name":"ensure","decl":{"start":{"line":41,"column":17},"end":{"line":46,"column":3}},"loc":{"start":{"line":41,"column":17},"end":{"line":46,"column":3}},"line":41},"4":{"name":"start","decl":{"start":{"line":49,"column":4},"end":{"line":55,"column":6}},"loc":{"start":{"line":49,"column":4},"end":{"line":55,"column":6}},"line":49},"5":{"name":"update","decl":{"start":{"line":56,"column":4},"end":{"line":61,"column":6}},"loc":{"start":{"line":56,"column":4},"end":{"line":61,"column":6}},"line":56},"6":{"name":"succeed","decl":{"start":{"line":62,"column":4},"end":{"line":67,"column":6}},"loc":{"start":{"line":62,"column":4},"end":{"line":67,"column":6}},"line":62},"7":{"name":"fail","decl":{"start":{"line":68,"column":4},"end":{"line":73,"column":6}},"loc":{"start":{"line":68,"column":4},"end":{"line":73,"column":6}},"line":68},"8":{"name":"stop","decl":{"start":{"line":74,"column":4},"end":{"line":77,"column":6}},"loc":{"start":{"line":74,"column":4},"end":{"line":77,"column":6}},"line":74},"9":{"name":"get isSpinning","decl":{"start":{"line":78,"column":4},"end":{"line":80,"column":6}},"loc":{"start":{"line":78,"column":4},"end":{"line":80,"column":6}},"line":78}},"f":{"0":17,"1":18,"2":17,"3":14,"4":14,"5":2,"6":3,"7":3,"8":4,"9":8}}
,"/Users/eggp/marveen/packages/install/src/ui/table.ts": {"path":"/Users/eggp/marveen/packages/install/src/ui/table.ts","all":false,"statementMap":{"0":{"start":{"line":1,"column":0},"end":{"line":1,"column":63}},"9":{"start":{"line":10,"column":0},"end":{"line":10,"column":56}},"11":{"start":{"line":12,"column":0},"end":{"line":12,"column":53}},"12":{"start":{"line":13,"column":0},"end":{"line":13,"column":18}},"13":{"start":{"line":14,"column":0},"end":{"line":14,"column":1}},"15":{"start":{"line":16,"column":0},"end":{"line":16,"column":40}},"16":{"start":{"line":17,"column":0},"end":{"line":17,"column":43}},"17":{"start":{"line":18,"column":0},"end":{"line":18,"column":1}},"26":{"start":{"line":27,"column":0},"end":{"line":27,"column":54}},"27":{"start":{"line":28,"column":0},"end":{"line":28,"column":31}},"28":{"start":{"line":29,"column":0},"end":{"line":29,"column":49}},"29":{"start":{"line":30,"column":0},"end":{"line":30,"column":36}},"30":{"start":{"line":31,"column":0},"end":{"line":31,"column":36}},"31":{"start":{"line":32,"column":0},"end":{"line":32,"column":80}},"32":{"start":{"line":33,"column":0},"end":{"line":33,"column":4}},"33":{"start":{"line":34,"column":0},"end":{"line":34,"column":32}},"34":{"start":{"line":35,"column":0},"end":{"line":35,"column":24}},"35":{"start":{"line":36,"column":0},"end":{"line":36,"column":3}},"36":{"start":{"line":37,"column":0},"end":{"line":37,"column":25}},"37":{"start":{"line":38,"column":0},"end":{"line":38,"column":1}},"39":{"start":{"line":40,"column":0},"end":{"line":40,"column":82}},"40":{"start":{"line":41,"column":0},"end":{"line":41,"column":84}},"41":{"start":{"line":42,"column":0},"end":{"line":42,"column":1}}},"s":{"0":1,"9":1,"11":1,"12":4,"13":4,"15":1,"16":10,"17":10,"26":1,"27":29,"28":29,"29":29,"30":29,"31":29,"32":29,"33":29,"34":117,"35":117,"36":29,"37":29,"39":1,"40":114,"41":114},"branchMap":{"0":{"type":"branch","line":12,"loc":{"start":{"line":12,"column":7},"end":{"line":14,"column":1}},"locations":[{"start":{"line":12,"column":7},"end":{"line":14,"column":1}}]},"1":{"type":"branch","line":16,"loc":{"start":{"line":16,"column":7},"end":{"line":18,"column":1}},"locations":[{"start":{"line":16,"column":7},"end":{"line":18,"column":1}}]},"2":{"type":"branch","line":27,"loc":{"start":{"line":27,"column":7},"end":{"line":38,"column":1}},"locations":[{"start":{"line":27,"column":7},"end":{"line":38,"column":1}}]},"3":{"type":"branch","line":31,"loc":{"start":{"line":31,"column":19},"end":{"line":31,"column":36}},"locations":[{"start":{"line":31,"column":19},"end":{"line":31,"column":36}}]},"4":{"type":"branch","line":32,"loc":{"start":{"line":32,"column":27},"end":{"line":32,"column":76}},"locations":[{"start":{"line":32,"column":27},"end":{"line":32,"column":76}}]},"5":{"type":"branch","line":32,"loc":{"start":{"line":32,"column":72},"end":{"line":32,"column":80}},"locations":[{"start":{"line":32,"column":72},"end":{"line":32,"column":80}}]},"6":{"type":"branch","line":34,"loc":{"start":{"line":34,"column":31},"end":{"line":36,"column":3}},"locations":[{"start":{"line":34,"column":31},"end":{"line":36,"column":3}}]},"7":{"type":"branch","line":29,"loc":{"start":{"line":29,"column":24},"end":{"line":29,"column":47}},"locations":[{"start":{"line":29,"column":24},"end":{"line":29,"column":47}}]},"8":{"type":"branch","line":40,"loc":{"start":{"line":40,"column":7},"end":{"line":42,"column":1}},"locations":[{"start":{"line":40,"column":7},"end":{"line":42,"column":1}}]},"9":{"type":"branch","line":41,"loc":{"start":{"line":41,"column":17},"end":{"line":41,"column":47}},"locations":[{"start":{"line":41,"column":17},"end":{"line":41,"column":47}}]},"10":{"type":"branch","line":41,"loc":{"start":{"line":41,"column":43},"end":{"line":41,"column":71}},"locations":[{"start":{"line":41,"column":43},"end":{"line":41,"column":71}}]},"11":{"type":"branch","line":41,"loc":{"start":{"line":41,"column":71},"end":{"line":41,"column":83}},"locations":[{"start":{"line":41,"column":71},"end":{"line":41,"column":83}}]}},"b":{"0":[4],"1":[10],"2":[29],"3":[28],"4":[1],"5":[28],"6":[117],"7":[75],"8":[114],"9":[88],"10":[26],"11":[28]},"fnMap":{"0":{"name":"setTableImpl","decl":{"start":{"line":12,"column":7},"end":{"line":14,"column":1}},"loc":{"start":{"line":12,"column":7},"end":{"line":14,"column":1}},"line":12},"1":{"name":"resetTableImpl","decl":{"start":{"line":16,"column":7},"end":{"line":18,"column":1}},"loc":{"start":{"line":16,"column":7},"end":{"line":18,"column":1}},"line":16},"2":{"name":"renderTable","decl":{"start":{"line":27,"column":7},"end":{"line":38,"column":1}},"loc":{"start":{"line":27,"column":7},"end":{"line":38,"column":1}},"line":27},"3":{"name":"statusRow","decl":{"start":{"line":40,"column":7},"end":{"line":42,"column":1}},"loc":{"start":{"line":40,"column":7},"end":{"line":42,"column":1}},"line":40}},"f":{"0":4,"1":10,"2":29,"3":114}}
,"/Users/eggp/marveen/packages/install/src/ui/theme.ts": {"path":"/Users/eggp/marveen/packages/install/src/ui/theme.ts","all":false,"statementMap":{"0":{"start":{"line":1,"column":0},"end":{"line":1,"column":45}},"11":{"start":{"line":12,"column":0},"end":{"line":12,"column":24}},"13":{"start":{"line":14,"column":0},"end":{"line":14,"column":58}},"14":{"start":{"line":15,"column":0},"end":{"line":15,"column":25}},"15":{"start":{"line":16,"column":0},"end":{"line":16,"column":31}},"16":{"start":{"line":17,"column":0},"end":{"line":17,"column":1}},"18":{"start":{"line":19,"column":0},"end":{"line":19,"column":45}},"19":{"start":{"line":20,"column":0},"end":{"line":20,"column":22}},"20":{"start":{"line":21,"column":0},"end":{"line":21,"column":1}},"22":{"start":{"line":23,"column":0},"end":{"line":23,"column":74}},"23":{"start":{"line":24,"column":0},"end":{"line":24,"column":52}},"24":{"start":{"line":25,"column":0},"end":{"line":25,"column":53}},"25":{"start":{"line":26,"column":0},"end":{"line":26,"column":51}},"26":{"start":{"line":27,"column":0},"end":{"line":27,"column":49}},"27":{"start":{"line":28,"column":0},"end":{"line":28,"column":48}},"28":{"start":{"line":29,"column":0},"end":{"line":29,"column":49}},"29":{"start":{"line":30,"column":0},"end":{"line":30,"column":49}},"30":{"start":{"line":31,"column":0},"end":{"line":31,"column":1}},"32":{"start":{"line":33,"column":0},"end":{"line":33,"column":66}},"33":{"start":{"line":34,"column":0},"end":{"line":34,"column":30}},"34":{"start":{"line":35,"column":0},"end":{"line":35,"column":1}},"36":{"start":{"line":37,"column":0},"end":{"line":37,"column":43}},"37":{"start":{"line":38,"column":0},"end":{"line":38,"column":14}},"38":{"start":{"line":39,"column":0},"end":{"line":39,"column":1}}},"s":{"0":1,"11":1,"13":1,"14":129,"15":129,"16":129,"18":1,"19":2,"20":2,"22":1,"23":1,"24":1,"25":1,"26":1,"27":1,"28":1,"29":1,"30":1,"32":1,"33":337,"34":337,"36":1,"37":2,"38":2},"branchMap":{"0":{"type":"branch","line":14,"loc":{"start":{"line":14,"column":7},"end":{"line":17,"column":1}},"locations":[{"start":{"line":14,"column":7},"end":{"line":17,"column":1}}]},"1":{"type":"branch","line":16,"loc":{"start":{"line":16,"column":16},"end":{"line":16,"column":30}},"locations":[{"start":{"line":16,"column":16},"end":{"line":16,"column":30}}]},"2":{"type":"branch","line":16,"loc":{"start":{"line":16,"column":26},"end":{"line":16,"column":31}},"locations":[{"start":{"line":16,"column":26},"end":{"line":16,"column":31}}]},"3":{"type":"branch","line":19,"loc":{"start":{"line":19,"column":7},"end":{"line":21,"column":1}},"locations":[{"start":{"line":19,"column":7},"end":{"line":21,"column":1}}]},"4":{"type":"branch","line":24,"loc":{"start":{"line":24,"column":11},"end":{"line":24,"column":52}},"locations":[{"start":{"line":24,"column":11},"end":{"line":24,"column":52}}]},"5":{"type":"branch","line":24,"loc":{"start":{"line":24,"column":18},"end":{"line":24,"column":50}},"locations":[{"start":{"line":24,"column":18},"end":{"line":24,"column":50}}]},"6":{"type":"branch","line":24,"loc":{"start":{"line":24,"column":46},"end":{"line":24,"column":52}},"locations":[{"start":{"line":24,"column":46},"end":{"line":24,"column":52}}]},"7":{"type":"branch","line":25,"loc":{"start":{"line":25,"column":11},"end":{"line":25,"column":53}},"locations":[{"start":{"line":25,"column":11},"end":{"line":25,"column":53}}]},"8":{"type":"branch","line":25,"loc":{"start":{"line":25,"column":18},"end":{"line":25,"column":51}},"locations":[{"start":{"line":25,"column":18},"end":{"line":25,"column":51}}]},"9":{"type":"branch","line":25,"loc":{"start":{"line":25,"column":47},"end":{"line":25,"column":53}},"locations":[{"start":{"line":25,"column":47},"end":{"line":25,"column":53}}]},"10":{"type":"branch","line":26,"loc":{"start":{"line":26,"column":8},"end":{"line":26,"column":51}},"locations":[{"start":{"line":26,"column":8},"end":{"line":26,"column":51}}]},"11":{"type":"branch","line":26,"loc":{"start":{"line":26,"column":15},"end":{"line":26,"column":49}},"locations":[{"start":{"line":26,"column":15},"end":{"line":26,"column":49}}]},"12":{"type":"branch","line":26,"loc":{"start":{"line":26,"column":45},"end":{"line":26,"column":51}},"locations":[{"start":{"line":26,"column":45},"end":{"line":26,"column":51}}]},"13":{"type":"branch","line":27,"loc":{"start":{"line":27,"column":9},"end":{"line":27,"column":49}},"locations":[{"start":{"line":27,"column":9},"end":{"line":27,"column":49}}]},"14":{"type":"branch","line":27,"loc":{"start":{"line":27,"column":16},"end":{"line":27,"column":47}},"locations":[{"start":{"line":27,"column":16},"end":{"line":27,"column":47}}]},"15":{"type":"branch","line":27,"loc":{"start":{"line":27,"column":43},"end":{"line":27,"column":49}},"locations":[{"start":{"line":27,"column":43},"end":{"line":27,"column":49}}]},"16":{"type":"branch","line":28,"loc":{"start":{"line":28,"column":7},"end":{"line":28,"column":48}},"locations":[{"start":{"line":28,"column":7},"end":{"line":28,"column":48}}]},"17":{"type":"branch","line":28,"loc":{"start":{"line":28,"column":14},"end":{"line":28,"column":46}},"locations":[{"start":{"line":28,"column":14},"end":{"line":28,"column":46}}]},"18":{"type":"branch","line":28,"loc":{"start":{"line":28,"column":42},"end":{"line":28,"column":48}},"locations":[{"start":{"line":28,"column":42},"end":{"line":28,"column":48}}]},"19":{"type":"branch","line":29,"loc":{"start":{"line":29,"column":9},"end":{"line":29,"column":49}},"locations":[{"start":{"line":29,"column":9},"end":{"line":29,"column":49}}]},"20":{"type":"branch","line":29,"loc":{"start":{"line":29,"column":16},"end":{"line":29,"column":47}},"locations":[{"start":{"line":29,"column":16},"end":{"line":29,"column":47}}]},"21":{"type":"branch","line":29,"loc":{"start":{"line":29,"column":43},"end":{"line":29,"column":49}},"locations":[{"start":{"line":29,"column":43},"end":{"line":29,"column":49}}]},"22":{"type":"branch","line":30,"loc":{"start":{"line":30,"column":8},"end":{"line":30,"column":49}},"locations":[{"start":{"line":30,"column":8},"end":{"line":30,"column":49}}]},"23":{"type":"branch","line":30,"loc":{"start":{"line":30,"column":15},"end":{"line":30,"column":47}},"locations":[{"start":{"line":30,"column":15},"end":{"line":30,"column":47}}]},"24":{"type":"branch","line":30,"loc":{"start":{"line":30,"column":43},"end":{"line":30,"column":49}},"locations":[{"start":{"line":30,"column":43},"end":{"line":30,"column":49}}]},"25":{"type":"branch","line":33,"loc":{"start":{"line":33,"column":7},"end":{"line":35,"column":1}},"locations":[{"start":{"line":33,"column":7},"end":{"line":35,"column":1}}]},"26":{"type":"branch","line":37,"loc":{"start":{"line":37,"column":7},"end":{"line":39,"column":1}},"locations":[{"start":{"line":37,"column":7},"end":{"line":39,"column":1}}]}},"b":{"0":[129],"1":[22],"2":[107],"3":[2],"4":[36],"5":[15],"6":[21],"7":[128],"8":[2],"9":[126],"10":[3],"11":[1],"12":[2],"13":[29],"14":[1],"15":[28],"16":[41],"17":[14],"18":[27],"19":[2],"20":[1],"21":[1],"22":[98],"23":[14],"24":[84],"25":[337],"26":[2]},"fnMap":{"0":{"name":"setColorsEnabled","decl":{"start":{"line":14,"column":7},"end":{"line":17,"column":1}},"loc":{"start":{"line":14,"column":7},"end":{"line":17,"column":1}},"line":14},"1":{"name":"areColorsEnabled","decl":{"start":{"line":19,"column":7},"end":{"line":21,"column":1}},"loc":{"start":{"line":19,"column":7},"end":{"line":21,"column":1}},"line":19},"2":{"name":"primary","decl":{"start":{"line":24,"column":11},"end":{"line":24,"column":52}},"loc":{"start":{"line":24,"column":11},"end":{"line":24,"column":52}},"line":24},"3":{"name":"success","decl":{"start":{"line":25,"column":11},"end":{"line":25,"column":53}},"loc":{"start":{"line":25,"column":11},"end":{"line":25,"column":53}},"line":25},"4":{"name":"warn","decl":{"start":{"line":26,"column":8},"end":{"line":26,"column":51}},"loc":{"start":{"line":26,"column":8},"end":{"line":26,"column":51}},"line":26},"5":{"name":"error","decl":{"start":{"line":27,"column":9},"end":{"line":27,"column":49}},"loc":{"start":{"line":27,"column":9},"end":{"line":27,"column":49}},"line":27},"6":{"name":"dim","decl":{"start":{"line":28,"column":7},"end":{"line":28,"column":48}},"loc":{"start":{"line":28,"column":7},"end":{"line":28,"column":48}},"line":28},"7":{"name":"muted","decl":{"start":{"line":29,"column":9},"end":{"line":29,"column":49}},"loc":{"start":{"line":29,"column":9},"end":{"line":29,"column":49}},"line":29},"8":{"name":"bold","decl":{"start":{"line":30,"column":8},"end":{"line":30,"column":49}},"loc":{"start":{"line":30,"column":8},"end":{"line":30,"column":49}},"line":30},"9":{"name":"color","decl":{"start":{"line":33,"column":7},"end":{"line":35,"column":1}},"loc":{"start":{"line":33,"column":7},"end":{"line":35,"column":1}},"line":33},"10":{"name":"getChalk","decl":{"start":{"line":37,"column":7},"end":{"line":39,"column":1}},"loc":{"start":{"line":37,"column":7},"end":{"line":39,"column":1}},"line":37}},"f":{"0":129,"1":2,"2":36,"3":128,"4":3,"5":29,"6":41,"7":2,"8":98,"9":337,"10":2}}
}
